#
# There is insufficient memory for the Java Runtime Environment to continue.
# Native memory allocation (malloc) failed to allocate 1048576 bytes. Error detail: AllocateHeap
# Possible reasons:
#   The system is out of physical RAM or swap space
#   This process is running with CompressedOops enabled, and the Java Heap may be blocking the growth of the native heap
# Possible solutions:
#   Reduce memory load on the system
#   Increase physical memory or swap space
#   Check if swap backing store is full
#   Decrease Java heap size (-Xmx/-Xms)
#   Decrease number of Java threads
#   Decrease Java thread stack sizes (-Xss)
#   Set larger code cache with -XX:ReservedCodeCacheSize=
#   JVM is running with Unscaled Compressed Oops mode in which the Java heap is
#     placed in the first 4GB address space. The Java Heap base address is the
#     maximum limit for the native heap growth. Please use -XX:HeapBaseMinAddress
#     to set the Java Heap base and to place the Java Heap above 4GB virtual address.
# This output file may be truncated or incomplete.
#
#  Out of Memory Error (allocation.cpp:44), pid=3176, tid=12816
#
# JRE version: OpenJDK Runtime Environment Temurin-21.0.8+9 (21.0.8+9) (build 21.0.8+9-LTS)
# Java VM: OpenJDK 64-Bit Server VM Temurin-21.0.8+9 (21.0.8+9-LTS, mixed mode, sharing, tiered, compressed oops, compressed class ptrs, parallel gc, windows-amd64)
# No core dump will be written. Minidumps are not enabled by default on client versions of Windows
#

---------------  S U M M A R Y ------------

Command Line: --add-modules=ALL-SYSTEM --add-opens=java.base/java.util=ALL-UNNAMED --add-opens=java.base/java.lang=ALL-UNNAMED --add-opens=java.base/sun.nio.fs=ALL-UNNAMED -Declipse.application=org.eclipse.jdt.ls.core.id1 -Dosgi.bundles.defaultStartLevel=4 -Declipse.product=org.eclipse.jdt.ls.core.product -Djava.import.generatesMetadataFilesAtProjectRoot=false -DDetectVMInstallationsJob.disabled=true -Dfile.encoding=utf8 -XX:+UseParallelGC -XX:GCTimeRatio=4 -XX:AdaptiveSizePolicyWeight=90 -Dsun.zip.disableMemoryMapping=true -Xmx2G -Xms100m -Xlog:disable -javaagent:c:\Users\Gurvindar\.vscode\extensions\redhat.java-1.45.0-win32-x64\lombok\lombok-1.18.39-4050.jar -XX:+HeapDumpOnOutOfMemoryError -XX:HeapDumpPath=c:\Users\Gurvindar\AppData\Roaming\Code\User\workspaceStorage\a8947560e3c2f3bcb3d99650a96ed420\redhat.java -Daether.dependencyCollector.impl=bf c:\Users\Gurvindar\.vscode\extensions\redhat.java-1.45.0-win32-x64\server\plugins\org.eclipse.equinox.launcher_1.7.0.v20250519-0528.jar -configuration c:\Users\Gurvindar\AppData\Roaming\Code\User\globalStorage\redhat.java\1.45.0\config_win -data c:\Users\Gurvindar\AppData\Roaming\Code\User\workspaceStorage\a8947560e3c2f3bcb3d99650a96ed420\redhat.java\jdt_ws --pipe=\\.\pipe\lsp-99420c522779dfae0d433ba5be98b7f8-sock

Host: AMD Ryzen 3 2200G with Radeon Vega Graphics    , 4 cores, 5G,  Windows 10 , 64 bit Build 19041 (10.0.19041.5915)
Time: Mon Sep  8 14:38:43 2025 India Standard Time elapsed time: 5121.813003 seconds (0d 1h 25m 21s)

---------------  T H R E A D  ---------------

Current thread (0x000001fb3cc3d2d0):  JavaThread "Attach Listener" daemon [_thread_in_vm, id=12816, stack(0x0000000fcba00000,0x0000000fcbb00000) (1024K)]

Stack: [0x0000000fcba00000,0x0000000fcbb00000]
Native frames: (J=compiled Java code, j=interpreted, Vv=VM code, C=native code)
V  [jvm.dll+0x6d2449]
V  [jvm.dll+0x8ae341]
V  [jvm.dll+0x8b08be]
V  [jvm.dll+0x8b0fa3]
V  [jvm.dll+0x280c96]
V  [jvm.dll+0xc0347]
V  [jvm.dll+0x6d2cf9]
V  [jvm.dll+0x131116]
V  [jvm.dll+0x3f2d16]
V  [jvm.dll+0x857e6b]
V  [jvm.dll+0x6d0b0d]
C  [ucrtbase.dll+0x21bb2]
C  [KERNEL32.DLL+0x17374]
C  [ntdll.dll+0x4cc91]


---------------  P R O C E S S  ---------------

Threads class SMR info:
_java_thread_list=0x000001fb062334b0, length=31, elements={
0x000001fb26261140, 0x000001fb3cc38f40, 0x000001fb3cc3a840, 0x000001fb3cc3c3c0,
0x000001fb3cc3d2d0, 0x000001fb3cc3e1e0, 0x000001fb3cc41c50, 0x000001fb3cc42a80,
0x000001fb3ccb9920, 0x000001fb26326100, 0x000001fb7ecce670, 0x000001fb7f1992d0,
0x000001fb7f330ef0, 0x000001fb7f331550, 0x000001fb7f331bb0, 0x000001fb04240420,
0x000001fb0441a010, 0x000001fb7ea9a6c0, 0x000001fb7ea9ba70, 0x000001fb7ea9b3e0,
0x000001fb7ea99310, 0x000001fb05d935b0, 0x000001fb05d8f410, 0x000001fb05d93c40,
0x000001fb05d8e060, 0x000001fb05d8faa0, 0x000001fb05d94960, 0x000001fb05d94ff0,
0x000001fb05d8ed80, 0x000001fb05d91b70, 0x000001fb05d942d0
}

Java Threads: ( => current thread )
  0x000001fb26261140 JavaThread "main"                              [_thread_blocked, id=12936, stack(0x0000000fcb300000,0x0000000fcb400000) (1024K)]
  0x000001fb3cc38f40 JavaThread "Reference Handler"          daemon [_thread_blocked, id=12544, stack(0x0000000fcb700000,0x0000000fcb800000) (1024K)]
  0x000001fb3cc3a840 JavaThread "Finalizer"                  daemon [_thread_blocked, id=12940, stack(0x0000000fcb800000,0x0000000fcb900000) (1024K)]
  0x000001fb3cc3c3c0 JavaThread "Signal Dispatcher"          daemon [_thread_blocked, id=12924, stack(0x0000000fcb900000,0x0000000fcba00000) (1024K)]
=>0x000001fb3cc3d2d0 JavaThread "Attach Listener"            daemon [_thread_in_vm, id=12816, stack(0x0000000fcba00000,0x0000000fcbb00000) (1024K)]
  0x000001fb3cc3e1e0 JavaThread "Service Thread"             daemon [_thread_blocked, id=12980, stack(0x0000000fcbb00000,0x0000000fcbc00000) (1024K)]
  0x000001fb3cc41c50 JavaThread "Monitor Deflation Thread"   daemon [_thread_blocked, id=12868, stack(0x0000000fcbc00000,0x0000000fcbd00000) (1024K)]
  0x000001fb3cc42a80 JavaThread "C2 CompilerThread0"         daemon [_thread_blocked, id=12776, stack(0x0000000fcbd00000,0x0000000fcbe00000) (1024K)]
  0x000001fb3ccb9920 JavaThread "C1 CompilerThread0"         daemon [_thread_blocked, id=12832, stack(0x0000000fcbe00000,0x0000000fcbf00000) (1024K)]
  0x000001fb26326100 JavaThread "Common-Cleaner"             daemon [_thread_blocked, id=12960, stack(0x0000000fcbf00000,0x0000000fcc000000) (1024K)]
  0x000001fb7ecce670 JavaThread "Notification Thread"        daemon [_thread_blocked, id=12860, stack(0x0000000fcc000000,0x0000000fcc100000) (1024K)]
  0x000001fb7f1992d0 JavaThread "Active Thread: Equinox Container: 91a453a5-4dad-4c23-87df-fc4d7cdf4dc9"        [_thread_blocked, id=13064, stack(0x0000000fcc400000,0x0000000fcc500000) (1024K)]
  0x000001fb7f330ef0 JavaThread "Refresh Thread: Equinox Container: 91a453a5-4dad-4c23-87df-fc4d7cdf4dc9" daemon [_thread_blocked, id=13264, stack(0x0000000fcc500000,0x0000000fcc600000) (1024K)]
  0x000001fb7f331550 JavaThread "Framework Event Dispatcher: Equinox Container: 91a453a5-4dad-4c23-87df-fc4d7cdf4dc9" daemon [_thread_blocked, id=13308, stack(0x0000000fcc600000,0x0000000fcc700000) (1024K)]
  0x000001fb7f331bb0 JavaThread "Start Level: Equinox Container: 91a453a5-4dad-4c23-87df-fc4d7cdf4dc9" daemon [_thread_blocked, id=2856, stack(0x0000000fcc700000,0x0000000fcc800000) (1024K)]
  0x000001fb04240420 JavaThread "Bundle File Closer"         daemon [_thread_blocked, id=3692, stack(0x0000000fcc800000,0x0000000fcc900000) (1024K)]
  0x000001fb0441a010 JavaThread "SCR Component Actor"        daemon [_thread_blocked, id=12248, stack(0x0000000fcc900000,0x0000000fcca00000) (1024K)]
  0x000001fb7ea9a6c0 JavaThread "Worker-JM"                         [_thread_blocked, id=12724, stack(0x0000000fccb00000,0x0000000fccc00000) (1024K)]
  0x000001fb7ea9ba70 JavaThread "JNA Cleaner"                daemon [_thread_blocked, id=12344, stack(0x0000000fccc00000,0x0000000fccd00000) (1024K)]
  0x000001fb7ea9b3e0 JavaThread "Worker-3"                          [_thread_blocked, id=7908, stack(0x0000000fcd000000,0x0000000fcd100000) (1024K)]
  0x000001fb7ea99310 JavaThread "Java indexing"              daemon [_thread_blocked, id=12168, stack(0x0000000fcd200000,0x0000000fcd300000) (1024K)]
  0x000001fb05d935b0 JavaThread "Thread-3"                   daemon [_thread_in_native, id=12904, stack(0x0000000fcd500000,0x0000000fcd600000) (1024K)]
  0x000001fb05d8f410 JavaThread "Thread-4"                   daemon [_thread_in_native, id=5756, stack(0x0000000fcd600000,0x0000000fcd700000) (1024K)]
  0x000001fb05d93c40 JavaThread "Thread-5"                   daemon [_thread_in_native, id=7344, stack(0x0000000fcd700000,0x0000000fcd800000) (1024K)]
  0x000001fb05d8e060 JavaThread "Thread-6"                   daemon [_thread_in_native, id=1884, stack(0x0000000fcd800000,0x0000000fcd900000) (1024K)]
  0x000001fb05d8faa0 JavaThread "Thread-7"                   daemon [_thread_in_native, id=13232, stack(0x0000000fcd900000,0x0000000fcda00000) (1024K)]
  0x000001fb05d94960 JavaThread "pool-2-thread-1"                   [_thread_blocked, id=13164, stack(0x0000000fcda00000,0x0000000fcdb00000) (1024K)]
  0x000001fb05d94ff0 JavaThread "WorkspaceEventsHandler"            [_thread_blocked, id=13148, stack(0x0000000fcdb00000,0x0000000fcdc00000) (1024K)]
  0x000001fb05d8ed80 JavaThread "pool-1-thread-1"                   [_thread_blocked, id=11280, stack(0x0000000fcdc00000,0x0000000fcdd00000) (1024K)]
  0x000001fb05d91b70 JavaThread "Worker-6"                          [_thread_blocked, id=7052, stack(0x0000000fcb100000,0x0000000fcb200000) (1024K)]
  0x000001fb05d942d0 JavaThread "Cleaner-0"                  daemon [_thread_blocked, id=11040, stack(0x0000000fcd300000,0x0000000fcd400000) (1024K)]
Total: 31

Other Threads:
  0x000001fb3cc1d9c0 VMThread "VM Thread"                           [id=12600, stack(0x0000000fcb600000,0x0000000fcb700000) (1024K)]
  0x000001fb263247d0 WatcherThread "VM Periodic Task Thread"        [id=12768, stack(0x0000000fcb500000,0x0000000fcb600000) (1024K)]
  0x000001fb2627eff0 WorkerThread "GC Thread#0"                     [id=12808, stack(0x0000000fcb400000,0x0000000fcb500000) (1024K)]
  0x000001fb7f111f40 WorkerThread "GC Thread#1"                     [id=13124, stack(0x0000000fcc100000,0x0000000fcc200000) (1024K)]
  0x000001fb7f1122e0 WorkerThread "GC Thread#2"                     [id=13176, stack(0x0000000fcc200000,0x0000000fcc300000) (1024K)]
  0x000001fb7f0121d0 WorkerThread "GC Thread#3"                     [id=3696, stack(0x0000000fcc300000,0x0000000fcc400000) (1024K)]
Total: 6

Threads with active compile tasks:
Total: 0

VM state: not at safepoint (normal execution)

VM Mutex/Monitor currently owned by a thread: None

Heap address: 0x0000000080000000, size: 2048 MB, Compressed Oops mode: 32-bit

CDS archive(s) mapped at: [0x000001fb3d000000-0x000001fb3dba0000-0x000001fb3dba0000), size 12189696, SharedBaseAddress: 0x000001fb3d000000, ArchiveRelocationMode: 1.
Compressed class space mapped at: 0x000001fb3e000000-0x000001fb7e000000, reserved size: 1073741824
Narrow klass base: 0x000001fb3d000000, Narrow klass shift: 0, Narrow klass range: 0x100000000

GC Precious Log:
 CardTable entry size: 512
 CPUs: 4 total, 4 available
 Memory: 6092M
 Large Page Support: Disabled
 NUMA Support: Disabled
 Compressed Oops: Enabled (32-bit)
 Alignments: Space 512K, Generation 512K, Heap 2M
 Heap Min Capacity: 100M
 Heap Initial Capacity: 100M
 Heap Max Capacity: 2G
 Pre-touch: Disabled
 Parallel Workers: 4

Heap:
 PSYoungGen      total 5632K, used 3403K [0x00000000d5580000, 0x00000000d5c00000, 0x0000000100000000)
  eden space 4608K, 67% used [0x00000000d5580000,0x00000000d588af50,0x00000000d5a00000)
  from space 1024K, 28% used [0x00000000d5a00000,0x00000000d5a48000,0x00000000d5b00000)
  to   space 512K, 0% used [0x00000000d5b80000,0x00000000d5b80000,0x00000000d5c00000)
 ParOldGen       total 139264K, used 139190K [0x0000000080000000, 0x0000000088800000, 0x00000000d5580000)
  object space 139264K, 99% used [0x0000000080000000,0x00000000887eda70,0x0000000088800000)
 Metaspace       used 68462K, committed 69760K, reserved 1114112K
  class space    used 7314K, committed 7872K, reserved 1048576K

Card table byte_map: [0x000001fb25c10000,0x000001fb26020000] _byte_map_base: 0x000001fb25810000

Marking Bits: (ParMarkBitMap*) 0x00007ffcbc04a340
 Begin Bits: [0x000001fb38710000, 0x000001fb3a710000)
 End Bits:   [0x000001fb3a710000, 0x000001fb3c710000)

Polling page: 0x000001fb24050000

Metaspace:

Usage:
  Non-class:     59.71 MB used.
      Class:      7.14 MB used.
       Both:     66.86 MB used.

Virtual space:
  Non-class space:       64.00 MB reserved,      60.44 MB ( 94%) committed,  1 nodes.
      Class space:        1.00 GB reserved,       7.69 MB ( <1%) committed,  1 nodes.
             Both:        1.06 GB reserved,      68.12 MB (  6%) committed. 

Chunk freelists:
   Non-Class:  2.95 MB
       Class:  8.12 MB
        Both:  11.08 MB

MaxMetaspaceSize: unlimited
CompressedClassSpaceSize: 1.00 GB
Initial GC threshold: 21.00 MB
Current GC threshold: 97.31 MB
CDS: on
 - commit_granule_bytes: 65536.
 - commit_granule_words: 8192.
 - virtual_space_node_default_size: 8388608.
 - enlarge_chunks_in_place: 1.
 - use_allocation_guard: 0.


Internal statistics:

num_allocs_failed_limit: 9.
num_arena_births: 1062.
num_arena_deaths: 14.
num_vsnodes_births: 2.
num_vsnodes_deaths: 0.
num_space_committed: 1090.
num_space_uncommitted: 0.
num_chunks_returned_to_freelist: 23.
num_chunks_taken_from_freelist: 4003.
num_chunk_merges: 10.
num_chunk_splits: 2505.
num_chunks_enlarged: 1471.
num_inconsistent_stats: 0.

CodeHeap 'non-profiled nmethods': size=120000Kb used=6535Kb max_used=6535Kb free=113464Kb
 bounds [0x000001fb30f30000, 0x000001fb315a0000, 0x000001fb38460000]
CodeHeap 'profiled nmethods': size=120000Kb used=20547Kb max_used=20547Kb free=99452Kb
 bounds [0x000001fb29460000, 0x000001fb2a880000, 0x000001fb30990000]
CodeHeap 'non-nmethods': size=5760Kb used=1468Kb max_used=1553Kb free=4291Kb
 bounds [0x000001fb30990000, 0x000001fb30c00000, 0x000001fb30f30000]
CodeCache: size=245760Kb, used=28550Kb, max_used=28635Kb, free=217207Kb
 total_blobs=9931, nmethods=9140, adapters=697, full_count=0
Compilation: enabled, stopped_count=0, restarted_count=0

Compilation events (20 events):
Event: 3302.399 Thread 0x000001fb3ccb9920 9960       3       java.lang.ref.ReferenceQueue::await (15 bytes)
Event: 3302.401 Thread 0x000001fb3ccb9920 nmethod 9960 0x000001fb2a865690 code [0x000001fb2a865840, 0x000001fb2a8659e0]
Event: 3308.103 Thread 0x000001fb3ccb9920 9961       1       org.eclipse.osgi.internal.location.BasicLocation::isReadOnly (5 bytes)
Event: 3308.105 Thread 0x000001fb3ccb9920 nmethod 9961 0x000001fb31591290 code [0x000001fb31591420, 0x000001fb315914f0]
Event: 3779.698 Thread 0x000001fb3ccb9920 9963   !   3       org.eclipse.core.internal.jobs.JobManager::nextJob (291 bytes)
Event: 3779.750 Thread 0x000001fb3ccb9920 nmethod 9963 0x000001fb2a865b10 code [0x000001fb2a865fa0, 0x000001fb2a8680d8]
Event: 3902.554 Thread 0x000001fb3ccb9920 9964       1       com.sun.jna.internal.Cleaner::access$200 (5 bytes)
Event: 3902.562 Thread 0x000001fb3ccb9920 nmethod 9964 0x000001fb31591590 code [0x000001fb31591720, 0x000001fb315917d0]
Event: 3904.459 Thread 0x000001fb3ccb9920 9965   !   3       org.eclipse.jdt.ls.core.internal.ParentProcessWatcher::parentProcessStillRunning (492 bytes)
Event: 3904.545 Thread 0x000001fb3ccb9920 nmethod 9965 0x000001fb2a869210 code [0x000001fb2a869b20, 0x000001fb2a86d890]
Event: 3959.599 Thread 0x000001fb3ccb9920 9966   !   3       org.eclipse.core.internal.jobs.JobManager::sleepHint (67 bytes)
Event: 3959.600 Thread 0x000001fb3ccb9920 nmethod 9966 0x000001fb2a86f090 code [0x000001fb2a86f300, 0x000001fb2a86fdd0]
Event: 3959.600 Thread 0x000001fb3ccb9920 9967       3       org.eclipse.core.internal.jobs.JobQueue::isEmpty (18 bytes)
Event: 3959.600 Thread 0x000001fb3ccb9920 nmethod 9967 0x000001fb2a870290 code [0x000001fb2a870440, 0x000001fb2a8705d0]
Event: 3959.600 Thread 0x000001fb3ccb9920 9968       1       org.eclipse.core.internal.jobs.InternalJob::setWaitQueueStamp (6 bytes)
Event: 3959.600 Thread 0x000001fb3ccb9920 nmethod 9968 0x000001fb31591890 code [0x000001fb31591a20, 0x000001fb31591ae8]
Event: 4859.602 Thread 0x000001fb3ccb9920 9969       1       org.eclipse.core.internal.jobs.InternalJob::getListeners (5 bytes)
Event: 4859.606 Thread 0x000001fb3ccb9920 nmethod 9969 0x000001fb31591b90 code [0x000001fb31591d20, 0x000001fb31591de8]
Event: 5039.627 Thread 0x000001fb3ccb9920 9970  s!   3       org.eclipse.core.internal.jobs.WorkerPool::sleep (124 bytes)
Event: 5039.682 Thread 0x000001fb3ccb9920 nmethod 9970 0x000001fb2a870690 code [0x000001fb2a8708a0, 0x000001fb2a870db8]

GC Heap History (20 events):
Event: 244.898 GC heap before
{Heap before GC invocations=57 (full 3):
 PSYoungGen      total 3072K, used 2685K [0x00000000d5580000, 0x00000000d6280000, 0x0000000100000000)
  eden space 1536K, 99% used [0x00000000d5580000,0x00000000d56ff400,0x00000000d5700000)
  from space 1536K, 75% used [0x00000000d5700000,0x00000000d5820000,0x00000000d5880000)
  to   space 4608K, 0% used [0x00000000d5e00000,0x00000000d5e00000,0x00000000d6280000)
 ParOldGen       total 128512K, used 128139K [0x0000000080000000, 0x0000000087d80000, 0x00000000d5580000)
  object space 128512K, 99% used [0x0000000080000000,0x0000000087d22ed8,0x0000000087d80000)
 Metaspace       used 65991K, committed 67328K, reserved 1114112K
  class space    used 7056K, committed 7616K, reserved 1048576K
}
Event: 244.901 GC heap after
{Heap after GC invocations=57 (full 3):
 PSYoungGen      total 2560K, used 384K [0x00000000d5580000, 0x00000000d5e80000, 0x0000000100000000)
  eden space 2048K, 0% used [0x00000000d5580000,0x00000000d5580000,0x00000000d5780000)
  from space 512K, 75% used [0x00000000d5e00000,0x00000000d5e60000,0x00000000d5e80000)
  to   space 1536K, 0% used [0x00000000d5b80000,0x00000000d5b80000,0x00000000d5d00000)
 ParOldGen       total 129536K, used 129275K [0x0000000080000000, 0x0000000087e80000, 0x00000000d5580000)
  object space 129536K, 99% used [0x0000000080000000,0x0000000087e3eed8,0x0000000087e80000)
 Metaspace       used 65991K, committed 67328K, reserved 1114112K
  class space    used 7056K, committed 7616K, reserved 1048576K
}
Event: 244.907 GC heap before
{Heap before GC invocations=58 (full 3):
 PSYoungGen      total 2560K, used 2432K [0x00000000d5580000, 0x00000000d5e80000, 0x0000000100000000)
  eden space 2048K, 100% used [0x00000000d5580000,0x00000000d5780000,0x00000000d5780000)
  from space 512K, 75% used [0x00000000d5e00000,0x00000000d5e60000,0x00000000d5e80000)
  to   space 1536K, 0% used [0x00000000d5b80000,0x00000000d5b80000,0x00000000d5d00000)
 ParOldGen       total 129536K, used 129275K [0x0000000080000000, 0x0000000087e80000, 0x00000000d5580000)
  object space 129536K, 99% used [0x0000000080000000,0x0000000087e3eed8,0x0000000087e80000)
 Metaspace       used 65991K, committed 67328K, reserved 1114112K
  class space    used 7056K, committed 7616K, reserved 1048576K
}
Event: 244.910 GC heap after
{Heap after GC invocations=58 (full 3):
 PSYoungGen      total 4096K, used 1536K [0x00000000d5580000, 0x00000000d5e80000, 0x0000000100000000)
  eden space 2560K, 0% used [0x00000000d5580000,0x00000000d5580000,0x00000000d5800000)
  from space 1536K, 100% used [0x00000000d5b80000,0x00000000d5d00000,0x00000000d5d00000)
  to   space 1536K, 0% used [0x00000000d5d00000,0x00000000d5d00000,0x00000000d5e80000)
 ParOldGen       total 130048K, used 129587K [0x0000000080000000, 0x0000000087f00000, 0x00000000d5580000)
  object space 130048K, 99% used [0x0000000080000000,0x0000000087e8ced8,0x0000000087f00000)
 Metaspace       used 65991K, committed 67328K, reserved 1114112K
  class space    used 7056K, committed 7616K, reserved 1048576K
}
Event: 244.925 GC heap before
{Heap before GC invocations=59 (full 3):
 PSYoungGen      total 4096K, used 4096K [0x00000000d5580000, 0x00000000d5e80000, 0x0000000100000000)
  eden space 2560K, 100% used [0x00000000d5580000,0x00000000d5800000,0x00000000d5800000)
  from space 1536K, 100% used [0x00000000d5b80000,0x00000000d5d00000,0x00000000d5d00000)
  to   space 1536K, 0% used [0x00000000d5d00000,0x00000000d5d00000,0x00000000d5e80000)
 ParOldGen       total 130048K, used 129587K [0x0000000080000000, 0x0000000087f00000, 0x00000000d5580000)
  object space 130048K, 99% used [0x0000000080000000,0x0000000087e8ced8,0x0000000087f00000)
 Metaspace       used 66011K, committed 67328K, reserved 1114112K
  class space    used 7056K, committed 7616K, reserved 1048576K
}
Event: 244.928 GC heap after
{Heap after GC invocations=59 (full 3):
 PSYoungGen      total 5120K, used 1536K [0x00000000d5580000, 0x00000000d6000000, 0x0000000100000000)
  eden space 3584K, 0% used [0x00000000d5580000,0x00000000d5580000,0x00000000d5900000)
  from space 1536K, 100% used [0x00000000d5d00000,0x00000000d5e80000,0x00000000d5e80000)
  to   space 3584K, 0% used [0x00000000d5900000,0x00000000d5900000,0x00000000d5c80000)
 ParOldGen       total 131584K, used 131320K [0x0000000080000000, 0x0000000088080000, 0x00000000d5580000)
  object space 131584K, 99% used [0x0000000080000000,0x000000008803e358,0x0000000088080000)
 Metaspace       used 66011K, committed 67328K, reserved 1114112K
  class space    used 7056K, committed 7616K, reserved 1048576K
}
Event: 244.942 GC heap before
{Heap before GC invocations=60 (full 3):
 PSYoungGen      total 5120K, used 5120K [0x00000000d5580000, 0x00000000d6000000, 0x0000000100000000)
  eden space 3584K, 100% used [0x00000000d5580000,0x00000000d5900000,0x00000000d5900000)
  from space 1536K, 100% used [0x00000000d5d00000,0x00000000d5e80000,0x00000000d5e80000)
  to   space 3584K, 0% used [0x00000000d5900000,0x00000000d5900000,0x00000000d5c80000)
 ParOldGen       total 131584K, used 131320K [0x0000000080000000, 0x0000000088080000, 0x00000000d5580000)
  object space 131584K, 99% used [0x0000000080000000,0x000000008803e358,0x0000000088080000)
 Metaspace       used 66013K, committed 67328K, reserved 1114112K
  class space    used 7056K, committed 7616K, reserved 1048576K
}
Event: 244.948 GC heap after
{Heap after GC invocations=60 (full 3):
 PSYoungGen      total 7168K, used 2704K [0x00000000d5580000, 0x00000000d6000000, 0x0000000100000000)
  eden space 3584K, 0% used [0x00000000d5580000,0x00000000d5580000,0x00000000d5900000)
  from space 3584K, 75% used [0x00000000d5900000,0x00000000d5ba4010,0x00000000d5c80000)
  to   space 3072K, 0% used [0x00000000d5d00000,0x00000000d5d00000,0x00000000d6000000)
 ParOldGen       total 133120K, used 132880K [0x0000000080000000, 0x0000000088200000, 0x00000000d5580000)
  object space 133120K, 99% used [0x0000000080000000,0x00000000881c4358,0x0000000088200000)
 Metaspace       used 66013K, committed 67328K, reserved 1114112K
  class space    used 7056K, committed 7616K, reserved 1048576K
}
Event: 244.998 GC heap before
{Heap before GC invocations=61 (full 3):
 PSYoungGen      total 7168K, used 6288K [0x00000000d5580000, 0x00000000d6000000, 0x0000000100000000)
  eden space 3584K, 100% used [0x00000000d5580000,0x00000000d5900000,0x00000000d5900000)
  from space 3584K, 75% used [0x00000000d5900000,0x00000000d5ba4010,0x00000000d5c80000)
  to   space 3072K, 0% used [0x00000000d5d00000,0x00000000d5d00000,0x00000000d6000000)
 ParOldGen       total 133120K, used 132880K [0x0000000080000000, 0x0000000088200000, 0x00000000d5580000)
  object space 133120K, 99% used [0x0000000080000000,0x00000000881c4358,0x0000000088200000)
 Metaspace       used 66110K, committed 67520K, reserved 1114112K
  class space    used 7059K, committed 7680K, reserved 1048576K
}
Event: 245.004 GC heap after
{Heap after GC invocations=61 (full 3):
 PSYoungGen      total 7680K, used 2496K [0x00000000d5580000, 0x00000000d6000000, 0x0000000100000000)
  eden space 4608K, 0% used [0x00000000d5580000,0x00000000d5580000,0x00000000d5a00000)
  from space 3072K, 81% used [0x00000000d5d00000,0x00000000d5f70000,0x00000000d6000000)
  to   space 3072K, 0% used [0x00000000d5a00000,0x00000000d5a00000,0x00000000d5d00000)
 ParOldGen       total 135680K, used 135576K [0x0000000080000000, 0x0000000088480000, 0x00000000d5580000)
  object space 135680K, 99% used [0x0000000080000000,0x0000000088466368,0x0000000088480000)
 Metaspace       used 66110K, committed 67520K, reserved 1114112K
  class space    used 7059K, committed 7680K, reserved 1048576K
}
Event: 245.300 GC heap before
{Heap before GC invocations=62 (full 3):
 PSYoungGen      total 7680K, used 7104K [0x00000000d5580000, 0x00000000d6000000, 0x0000000100000000)
  eden space 4608K, 100% used [0x00000000d5580000,0x00000000d5a00000,0x00000000d5a00000)
  from space 3072K, 81% used [0x00000000d5d00000,0x00000000d5f70000,0x00000000d6000000)
  to   space 3072K, 0% used [0x00000000d5a00000,0x00000000d5a00000,0x00000000d5d00000)
 ParOldGen       total 135680K, used 135576K [0x0000000080000000, 0x0000000088480000, 0x00000000d5580000)
  object space 135680K, 99% used [0x0000000080000000,0x0000000088466368,0x0000000088480000)
 Metaspace       used 66719K, committed 68032K, reserved 1114112K
  class space    used 7103K, committed 7680K, reserved 1048576K
}
Event: 245.305 GC heap after
{Heap after GC invocations=62 (full 3):
 PSYoungGen      total 5632K, used 875K [0x00000000d5580000, 0x00000000d5d80000, 0x0000000100000000)
  eden space 4608K, 0% used [0x00000000d5580000,0x00000000d5580000,0x00000000d5a00000)
  from space 1024K, 85% used [0x00000000d5a00000,0x00000000d5adaf88,0x00000000d5b00000)
  to   space 1536K, 0% used [0x00000000d5c00000,0x00000000d5c00000,0x00000000d5d80000)
 ParOldGen       total 138240K, used 137992K [0x0000000080000000, 0x0000000088700000, 0x00000000d5580000)
  object space 138240K, 99% used [0x0000000080000000,0x00000000886c2388,0x0000000088700000)
 Metaspace       used 66719K, committed 68032K, reserved 1114112K
  class space    used 7103K, committed 7680K, reserved 1048576K
}
Event: 245.646 GC heap before
{Heap before GC invocations=63 (full 3):
 PSYoungGen      total 5632K, used 5483K [0x00000000d5580000, 0x00000000d5d80000, 0x0000000100000000)
  eden space 4608K, 100% used [0x00000000d5580000,0x00000000d5a00000,0x00000000d5a00000)
  from space 1024K, 85% used [0x00000000d5a00000,0x00000000d5adaf88,0x00000000d5b00000)
  to   space 1536K, 0% used [0x00000000d5c00000,0x00000000d5c00000,0x00000000d5d80000)
 ParOldGen       total 138240K, used 137992K [0x0000000080000000, 0x0000000088700000, 0x00000000d5580000)
  object space 138240K, 99% used [0x0000000080000000,0x00000000886c2388,0x0000000088700000)
 Metaspace       used 66979K, committed 68224K, reserved 1114112K
  class space    used 7145K, committed 7680K, reserved 1048576K
}
Event: 245.649 GC heap after
{Heap after GC invocations=63 (full 3):
 PSYoungGen      total 6144K, used 1160K [0x00000000d5580000, 0x00000000d5d80000, 0x0000000100000000)
  eden space 4608K, 0% used [0x00000000d5580000,0x00000000d5580000,0x00000000d5a00000)
  from space 1536K, 75% used [0x00000000d5c00000,0x00000000d5d222f0,0x00000000d5d80000)
  to   space 1536K, 0% used [0x00000000d5a80000,0x00000000d5a80000,0x00000000d5c00000)
 ParOldGen       total 138752K, used 138645K [0x0000000080000000, 0x0000000088780000, 0x00000000d5580000)
  object space 138752K, 99% used [0x0000000080000000,0x0000000088765608,0x0000000088780000)
 Metaspace       used 66979K, committed 68224K, reserved 1114112K
  class space    used 7145K, committed 7680K, reserved 1048576K
}
Event: 245.900 GC heap before
{Heap before GC invocations=64 (full 3):
 PSYoungGen      total 6144K, used 5768K [0x00000000d5580000, 0x00000000d5d80000, 0x0000000100000000)
  eden space 4608K, 100% used [0x00000000d5580000,0x00000000d5a00000,0x00000000d5a00000)
  from space 1536K, 75% used [0x00000000d5c00000,0x00000000d5d222f0,0x00000000d5d80000)
  to   space 1536K, 0% used [0x00000000d5a80000,0x00000000d5a80000,0x00000000d5c00000)
 ParOldGen       total 138752K, used 138645K [0x0000000080000000, 0x0000000088780000, 0x00000000d5580000)
  object space 138752K, 99% used [0x0000000080000000,0x0000000088765608,0x0000000088780000)
 Metaspace       used 67120K, committed 68352K, reserved 1114112K
  class space    used 7148K, committed 7680K, reserved 1048576K
}
Event: 245.901 GC heap after
{Heap after GC invocations=64 (full 3):
 PSYoungGen      total 5120K, used 128K [0x00000000d5580000, 0x00000000d5c80000, 0x0000000100000000)
  eden space 4608K, 0% used [0x00000000d5580000,0x00000000d5580000,0x00000000d5a00000)
  from space 512K, 25% used [0x00000000d5a80000,0x00000000d5aa0000,0x00000000d5b00000)
  to   space 1024K, 0% used [0x00000000d5b80000,0x00000000d5b80000,0x00000000d5c80000)
 ParOldGen       total 139264K, used 138989K [0x0000000080000000, 0x0000000088800000, 0x00000000d5580000)
  object space 139264K, 99% used [0x0000000080000000,0x00000000887bb608,0x0000000088800000)
 Metaspace       used 67120K, committed 68352K, reserved 1114112K
  class space    used 7148K, committed 7680K, reserved 1048576K
}
Event: 246.619 GC heap before
{Heap before GC invocations=65 (full 3):
 PSYoungGen      total 5120K, used 4735K [0x00000000d5580000, 0x00000000d5c80000, 0x0000000100000000)
  eden space 4608K, 99% used [0x00000000d5580000,0x00000000d59ffff8,0x00000000d5a00000)
  from space 512K, 25% used [0x00000000d5a80000,0x00000000d5aa0000,0x00000000d5b00000)
  to   space 1024K, 0% used [0x00000000d5b80000,0x00000000d5b80000,0x00000000d5c80000)
 ParOldGen       total 139264K, used 138989K [0x0000000080000000, 0x0000000088800000, 0x00000000d5580000)
  object space 139264K, 99% used [0x0000000080000000,0x00000000887bb608,0x0000000088800000)
 Metaspace       used 67710K, committed 68992K, reserved 1114112K
  class space    used 7237K, committed 7808K, reserved 1048576K
}
Event: 246.621 GC heap after
{Heap after GC invocations=65 (full 3):
 PSYoungGen      total 5120K, used 512K [0x00000000d5580000, 0x00000000d5c00000, 0x0000000100000000)
  eden space 4608K, 0% used [0x00000000d5580000,0x00000000d5580000,0x00000000d5a00000)
  from space 512K, 100% used [0x00000000d5b80000,0x00000000d5c00000,0x00000000d5c00000)
  to   space 1024K, 0% used [0x00000000d5a00000,0x00000000d5a00000,0x00000000d5b00000)
 ParOldGen       total 139264K, used 139029K [0x0000000080000000, 0x0000000088800000, 0x00000000d5580000)
  object space 139264K, 99% used [0x0000000080000000,0x00000000887c5618,0x0000000088800000)
 Metaspace       used 67710K, committed 68992K, reserved 1114112K
  class space    used 7237K, committed 7808K, reserved 1048576K
}
Event: 247.191 GC heap before
{Heap before GC invocations=66 (full 3):
 PSYoungGen      total 5120K, used 5120K [0x00000000d5580000, 0x00000000d5c00000, 0x0000000100000000)
  eden space 4608K, 100% used [0x00000000d5580000,0x00000000d5a00000,0x00000000d5a00000)
  from space 512K, 100% used [0x00000000d5b80000,0x00000000d5c00000,0x00000000d5c00000)
  to   space 1024K, 0% used [0x00000000d5a00000,0x00000000d5a00000,0x00000000d5b00000)
 ParOldGen       total 139264K, used 139029K [0x0000000080000000, 0x0000000088800000, 0x00000000d5580000)
  object space 139264K, 99% used [0x0000000080000000,0x00000000887c5618,0x0000000088800000)
 Metaspace       used 68139K, committed 69440K, reserved 1114112K
  class space    used 7289K, committed 7872K, reserved 1048576K
}
Event: 247.194 GC heap after
{Heap after GC invocations=66 (full 3):
 PSYoungGen      total 5632K, used 288K [0x00000000d5580000, 0x00000000d5c00000, 0x0000000100000000)
  eden space 4608K, 0% used [0x00000000d5580000,0x00000000d5580000,0x00000000d5a00000)
  from space 1024K, 28% used [0x00000000d5a00000,0x00000000d5a48000,0x00000000d5b00000)
  to   space 512K, 0% used [0x00000000d5b80000,0x00000000d5b80000,0x00000000d5c00000)
 ParOldGen       total 139264K, used 139190K [0x0000000080000000, 0x0000000088800000, 0x00000000d5580000)
  object space 139264K, 99% used [0x0000000080000000,0x00000000887eda70,0x0000000088800000)
 Metaspace       used 68139K, committed 69440K, reserved 1114112K
  class space    used 7289K, committed 7872K, reserved 1048576K
}

Dll operation events (12 events):
Event: 0.034 Loaded shared library c:\Users\Gurvindar\.vscode\extensions\redhat.java-1.45.0-win32-x64\jre\21.0.8-win32-x86_64\bin\java.dll
Event: 0.261 Loaded shared library c:\Users\Gurvindar\.vscode\extensions\redhat.java-1.45.0-win32-x64\jre\21.0.8-win32-x86_64\bin\zip.dll
Event: 0.284 Loaded shared library C:\Users\Gurvindar\.vscode\extensions\redhat.java-1.45.0-win32-x64\jre\21.0.8-win32-x86_64\bin\instrument.dll
Event: 0.290 Loaded shared library C:\Users\Gurvindar\.vscode\extensions\redhat.java-1.45.0-win32-x64\jre\21.0.8-win32-x86_64\bin\net.dll
Event: 0.294 Loaded shared library C:\Users\Gurvindar\.vscode\extensions\redhat.java-1.45.0-win32-x64\jre\21.0.8-win32-x86_64\bin\nio.dll
Event: 0.333 Loaded shared library C:\Users\Gurvindar\.vscode\extensions\redhat.java-1.45.0-win32-x64\jre\21.0.8-win32-x86_64\bin\zip.dll
Event: 0.402 Loaded shared library C:\Users\Gurvindar\.vscode\extensions\redhat.java-1.45.0-win32-x64\jre\21.0.8-win32-x86_64\bin\jimage.dll
Event: 0.769 Loaded shared library c:\Users\Gurvindar\.vscode\extensions\redhat.java-1.45.0-win32-x64\jre\21.0.8-win32-x86_64\bin\verify.dll
Event: 21.139 Loaded shared library C:\Users\Gurvindar\AppData\Roaming\Code\User\globalStorage\redhat.java\1.45.0\config_win\org.eclipse.equinox.launcher\org.eclipse.equinox.launcher.win32.win32.x86_64_1.2.1400.v20250801-0854\eclipse_11916.dll
Event: 50.171 Loaded shared library C:\Users\Gurvindar\AppData\Local\Temp\jna--155078722\jna8796001881011693232.dll
Event: 64.818 Loaded shared library C:\Users\Gurvindar\.vscode\extensions\redhat.java-1.45.0-win32-x64\jre\21.0.8-win32-x86_64\bin\sunmscapi.dll
Event: 65.045 Loaded shared library C:\Users\Gurvindar\.vscode\extensions\redhat.java-1.45.0-win32-x64\jre\21.0.8-win32-x86_64\bin\extnet.dll

Deoptimization events (20 events):
Event: 246.244 Thread 0x000001fb7f1992d0 DEOPT PACKING pc=0x000001fb3155e384 sp=0x0000000fcc4fedd0
Event: 246.244 Thread 0x000001fb7f1992d0 DEOPT UNPACKING pc=0x000001fb309e3aa2 sp=0x0000000fcc4fed68 mode 2
Event: 247.136 Thread 0x000001fb05d8e6f0 Uncommon trap: trap_request=0xffffff45 fr.pc=0x000001fb312bff0c relative=0x0000000000000acc
Event: 247.136 Thread 0x000001fb05d8e6f0 Uncommon trap: reason=unstable_if action=reinterpret pc=0x000001fb312bff0c method=java.util.regex.Pattern.newSlice([IIZ)Ljava/util/regex/Pattern$Node; @ 19 c2
Event: 247.136 Thread 0x000001fb05d8e6f0 DEOPT PACKING pc=0x000001fb312bff0c sp=0x0000000fcddfcbf0
Event: 247.136 Thread 0x000001fb05d8e6f0 DEOPT UNPACKING pc=0x000001fb309e3aa2 sp=0x0000000fcddfcaf0 mode 2
Event: 247.136 Thread 0x000001fb05d8e6f0 Uncommon trap: trap_request=0xffffff45 fr.pc=0x000001fb312c3368 relative=0x0000000000000568
Event: 247.136 Thread 0x000001fb05d8e6f0 Uncommon trap: reason=unstable_if action=reinterpret pc=0x000001fb312c3368 method=java.util.regex.Pattern.newSlice([IIZ)Ljava/util/regex/Pattern$Node; @ 19 c2
Event: 247.136 Thread 0x000001fb05d8e6f0 DEOPT PACKING pc=0x000001fb312c3368 sp=0x0000000fcddfcb30
Event: 247.136 Thread 0x000001fb05d8e6f0 DEOPT UNPACKING pc=0x000001fb309e3aa2 sp=0x0000000fcddfcae0 mode 2
Event: 248.302 Thread 0x000001fb05d8e6f0 Uncommon trap: trap_request=0xffffff45 fr.pc=0x000001fb3144d2a4 relative=0x0000000000000104
Event: 248.302 Thread 0x000001fb05d8e6f0 Uncommon trap: reason=unstable_if action=reinterpret pc=0x000001fb3144d2a4 method=org.eclipse.jdt.internal.compiler.util.Util.getLineNumber(I[III)I @ 8 c2
Event: 248.302 Thread 0x000001fb05d8e6f0 DEOPT PACKING pc=0x000001fb3144d2a4 sp=0x0000000fcddfe7e0
Event: 248.303 Thread 0x000001fb05d8e6f0 DEOPT UNPACKING pc=0x000001fb309e3aa2 sp=0x0000000fcddfe788 mode 2
Event: 275.364 Thread 0x000001fb05d8e6f0 Uncommon trap: trap_request=0xffffff45 fr.pc=0x000001fb3123d9bc relative=0x000000000000037c
Event: 275.364 Thread 0x000001fb05d8e6f0 Uncommon trap: reason=unstable_if action=reinterpret pc=0x000001fb3123d9bc method=java.io.BufferedOutputStream.implWrite([BII)V @ 5 c2
Event: 275.364 Thread 0x000001fb05d8e6f0 DEOPT PACKING pc=0x000001fb3123d9bc sp=0x0000000fcddfd580
Event: 275.364 Thread 0x000001fb05d8e6f0 DEOPT UNPACKING pc=0x000001fb309e3aa2 sp=0x0000000fcddfd4d0 mode 2
Event: 275.389 Thread 0x000001fb05d8e6f0 DEOPT PACKING pc=0x000001fb29e7e604 sp=0x0000000fcddfe340
Event: 275.390 Thread 0x000001fb05d8e6f0 DEOPT UNPACKING pc=0x000001fb309e4242 sp=0x0000000fcddfd7f8 mode 0

Classes loaded (20 events):
Event: 243.556 Loading class java/util/stream/ReduceOps$CountingSink$OfRef
Event: 243.560 Loading class java/util/stream/ReduceOps$CountingSink
Event: 243.560 Loading class java/util/stream/ReduceOps$CountingSink done
Event: 243.560 Loading class java/util/stream/ReduceOps$CountingSink$OfRef done
Event: 243.594 Loading class java/util/stream/ReduceOps$1
Event: 243.594 Loading class java/util/stream/ReduceOps$1 done
Event: 243.594 Loading class java/util/stream/ReduceOps$1ReducingSink
Event: 243.594 Loading class java/util/stream/ReduceOps$1ReducingSink done
Event: 243.902 Loading class jdk/internal/event/SecurityPropertyModificationEvent
Event: 243.902 Loading class jdk/internal/event/SecurityPropertyModificationEvent done
Event: 244.003 Loading class java/util/zip/CheckedInputStream
Event: 244.003 Loading class java/util/zip/CheckedInputStream done
Event: 244.158 Loading class java/util/LinkedList$LLSpliterator
Event: 244.161 Loading class java/util/LinkedList$LLSpliterator done
Event: 244.178 Loading class javax/xml/transform/TransformerConfigurationException
Event: 244.180 Loading class javax/xml/transform/TransformerConfigurationException done
Event: 244.452 Loading class java/util/zip/GZIPInputStream$1
Event: 244.453 Loading class java/util/zip/GZIPInputStream$1 done
Event: 244.740 Loading class jdk/internal/ref/CleanerImpl$InnocuousThreadFactory
Event: 244.776 Loading class jdk/internal/ref/CleanerImpl$InnocuousThreadFactory done

Classes unloaded (7 events):
Event: 53.104 Thread 0x000001fb3cc1d9c0 Unloading class 0x000001fb3e1ab800 'java/lang/invoke/LambdaForm$MH+0x000001fb3e1ab800'
Event: 53.104 Thread 0x000001fb3cc1d9c0 Unloading class 0x000001fb3e1ab400 'java/lang/invoke/LambdaForm$MH+0x000001fb3e1ab400'
Event: 53.104 Thread 0x000001fb3cc1d9c0 Unloading class 0x000001fb3e1ab000 'java/lang/invoke/LambdaForm$MH+0x000001fb3e1ab000'
Event: 53.104 Thread 0x000001fb3cc1d9c0 Unloading class 0x000001fb3e1aac00 'java/lang/invoke/LambdaForm$MH+0x000001fb3e1aac00'
Event: 53.104 Thread 0x000001fb3cc1d9c0 Unloading class 0x000001fb3e1aa800 'java/lang/invoke/LambdaForm$BMH+0x000001fb3e1aa800'
Event: 53.104 Thread 0x000001fb3cc1d9c0 Unloading class 0x000001fb3e1aa400 'java/lang/invoke/LambdaForm$DMH+0x000001fb3e1aa400'
Event: 53.104 Thread 0x000001fb3cc1d9c0 Unloading class 0x000001fb3e1a9000 'java/lang/invoke/LambdaForm$DMH+0x000001fb3e1a9000'

Classes redefined (0 events):
No events

Internal exceptions (20 events):
Event: 243.109 Thread 0x000001fb7ea9ad50 Exception <a 'sun/nio/fs/WindowsException'{0x00000000d55b0988}> (0x00000000d55b0988) 
thrown [s\src\hotspot\share\prims\jni.cpp, line 520]
Event: 243.109 Thread 0x000001fb7ea9ad50 Exception <a 'sun/nio/fs/WindowsException'{0x00000000d55b0fb8}> (0x00000000d55b0fb8) 
thrown [s\src\hotspot\share\prims\jni.cpp, line 520]
Event: 243.243 Thread 0x000001fb05d91b70 Exception <a 'java/io/FileNotFoundException'{0x00000000d5786478}> (0x00000000d5786478) 
thrown [s\src\hotspot\share\prims\jni.cpp, line 520]
Event: 243.243 Thread 0x000001fb05d91b70 Exception <a 'java/io/FileNotFoundException'{0x00000000d57874b0}> (0x00000000d57874b0) 
thrown [s\src\hotspot\share\prims\jni.cpp, line 520]
Event: 243.243 Thread 0x000001fb05d91b70 Exception <a 'java/io/FileNotFoundException'{0x00000000d5788238}> (0x00000000d5788238) 
thrown [s\src\hotspot\share\prims\jni.cpp, line 520]
Event: 243.562 Thread 0x000001fb7ea9ad50 Exception <a 'sun/nio/fs/WindowsException'{0x00000000d59ad618}> (0x00000000d59ad618) 
thrown [s\src\hotspot\share\prims\jni.cpp, line 520]
Event: 243.562 Thread 0x000001fb7ea9ad50 Exception <a 'sun/nio/fs/WindowsException'{0x00000000d59adea8}> (0x00000000d59adea8) 
thrown [s\src\hotspot\share\prims\jni.cpp, line 520]
Event: 243.586 Thread 0x000001fb05d8ed80 Exception <a 'java/lang/IncompatibleClassChangeError'{0x00000000d59b9770}: Found class java.lang.Object, but interface was expected> (0x00000000d59b9770) 
thrown [s\src\hotspot\share\interpreter\linkResolver.cpp, line 840]
Event: 243.815 Thread 0x000001fb7ea9ad50 Exception <a 'java/lang/NoSuchMethodError'{0x00000000d5a8afd0}: 'java.lang.Object java.lang.invoke.DirectMethodHandle$Holder.invokeStatic(java.lang.Object, java.lang.Object, int, java.lang.Object)'> (0x00000000d5a8afd0) 
thrown [s\src\hotspot\share\interpreter\linkResolver.cpp, line 773]
Event: 243.815 Thread 0x000001fb7ea9ad50 Exception <a 'java/lang/NoSuchMethodError'{0x00000000d5a918e8}: 'java.lang.Object java.lang.invoke.DirectMethodHandle$Holder.newInvokeSpecial(java.lang.Object, java.lang.Object, int)'> (0x00000000d5a918e8) 
thrown [s\src\hotspot\share\interpreter\linkResolver.cpp, line 773]
Event: 244.045 Thread 0x000001fb05d90130 Exception <a 'sun/nio/fs/WindowsException'{0x00000000d5ff6df8}> (0x00000000d5ff6df8) 
thrown [s\src\hotspot\share\prims\jni.cpp, line 520]
Event: 244.045 Thread 0x000001fb05d90130 Exception <a 'sun/nio/fs/WindowsException'{0x00000000d5ff76f8}> (0x00000000d5ff76f8) 
thrown [s\src\hotspot\share\prims\jni.cpp, line 520]
Event: 244.045 Thread 0x000001fb05d90130 Exception <a 'sun/nio/fs/WindowsException'{0x00000000d5ff8860}> (0x00000000d5ff8860) 
thrown [s\src\hotspot\share\prims\jni.cpp, line 520]
Event: 244.046 Thread 0x000001fb05d90130 Exception <a 'sun/nio/fs/WindowsException'{0x00000000d5ff9140}> (0x00000000d5ff9140) 
thrown [s\src\hotspot\share\prims\jni.cpp, line 520]
Event: 244.046 Thread 0x000001fb05d90130 Exception <a 'sun/nio/fs/WindowsException'{0x00000000d5ffa790}> (0x00000000d5ffa790) 
thrown [s\src\hotspot\share\prims\jni.cpp, line 520]
Event: 244.046 Thread 0x000001fb05d90130 Exception <a 'sun/nio/fs/WindowsException'{0x00000000d5ffb2c0}> (0x00000000d5ffb2c0) 
thrown [s\src\hotspot\share\prims\jni.cpp, line 520]
Event: 246.038 Thread 0x000001fb05d8e6f0 Exception <a 'java/lang/NoSuchMethodError'{0x00000000d583fb08}: 'void java.lang.invoke.DirectMethodHandle$Holder.invokeSpecial(java.lang.Object, java.lang.Object, int)'> (0x00000000d583fb08) 
thrown [s\src\hotspot\share\interpreter\linkResolver.cpp, line 773]
Event: 247.174 Thread 0x000001fb05d8e6f0 Exception <a 'java/lang/NoSuchMethodError'{0x00000000d5892158}: 'int java.lang.invoke.DirectMethodHandle$Holder.invokeVirtual(java.lang.Object, java.lang.Object, java.lang.Object, int)'> (0x00000000d5892158) 
thrown [s\src\hotspot\share\interpreter\linkResolver.cpp, line 773]
Event: 248.295 Thread 0x000001fb05d8ed80 Exception <a 'java/lang/IncompatibleClassChangeError'{0x00000000d56af830}: Found class java.lang.Object, but interface was expected> (0x00000000d56af830) 
thrown [s\src\hotspot\share\interpreter\linkResolver.cpp, line 840]
Event: 248.304 Thread 0x000001fb05d8e6f0 Exception <a 'java/lang/ArrayIndexOutOfBoundsException'{0x00000000d56ef350}> (0x00000000d56ef350) 
thrown [s\src\hotspot\share\runtime\sharedRuntime.cpp, line 625]

ZGC Phase Switch (0 events):
No events

VM Operations (20 events):
Event: 4329.754 Executing VM operation: HandshakeAllThreads (HandshakeForDeflation)
Event: 4329.754 Executing VM operation: HandshakeAllThreads (HandshakeForDeflation) done
Event: 4329.754 Executing VM operation: RendezvousGCThreads
Event: 4329.754 Executing VM operation: RendezvousGCThreads done
Event: 4449.963 Executing VM operation: HandshakeAllThreads (HandshakeForDeflation)
Event: 4449.963 Executing VM operation: HandshakeAllThreads (HandshakeForDeflation) done
Event: 4449.963 Executing VM operation: RendezvousGCThreads
Event: 4449.963 Executing VM operation: RendezvousGCThreads done
Event: 4630.273 Executing VM operation: HandshakeAllThreads (HandshakeForDeflation)
Event: 4630.273 Executing VM operation: HandshakeAllThreads (HandshakeForDeflation) done
Event: 4630.273 Executing VM operation: RendezvousGCThreads
Event: 4630.273 Executing VM operation: RendezvousGCThreads done
Event: 4990.763 Executing VM operation: HandshakeAllThreads (HandshakeForDeflation)
Event: 4990.763 Executing VM operation: HandshakeAllThreads (HandshakeForDeflation) done
Event: 4990.763 Executing VM operation: RendezvousGCThreads
Event: 4990.763 Executing VM operation: RendezvousGCThreads done
Event: 5111.192 Executing VM operation: HandshakeAllThreads (HandshakeForDeflation)
Event: 5111.192 Executing VM operation: HandshakeAllThreads (HandshakeForDeflation) done
Event: 5111.192 Executing VM operation: RendezvousGCThreads
Event: 5111.192 Executing VM operation: RendezvousGCThreads done

Memory protections (0 events):
No events

Nmethod flushes (20 events):
Event: 239.406 Thread 0x000001fb3cc1d9c0 flushing osr nmethod 0x000001fb29db2190
Event: 239.406 Thread 0x000001fb3cc1d9c0 flushing  nmethod 0x000001fb29db3a10
Event: 239.406 Thread 0x000001fb3cc1d9c0 flushing  nmethod 0x000001fb29dcb110
Event: 239.406 Thread 0x000001fb3cc1d9c0 flushing  nmethod 0x000001fb29dd6390
Event: 239.406 Thread 0x000001fb3cc1d9c0 flushing  nmethod 0x000001fb29dfcd90
Event: 239.406 Thread 0x000001fb3cc1d9c0 flushing  nmethod 0x000001fb29dfe690
Event: 239.406 Thread 0x000001fb3cc1d9c0 flushing  nmethod 0x000001fb29e02010
Event: 239.406 Thread 0x000001fb3cc1d9c0 flushing  nmethod 0x000001fb29e03110
Event: 239.406 Thread 0x000001fb3cc1d9c0 flushing  nmethod 0x000001fb29e11890
Event: 239.406 Thread 0x000001fb3cc1d9c0 flushing  nmethod 0x000001fb29e17b90
Event: 239.406 Thread 0x000001fb3cc1d9c0 flushing  nmethod 0x000001fb29e32c10
Event: 239.406 Thread 0x000001fb3cc1d9c0 flushing  nmethod 0x000001fb29e36410
Event: 239.406 Thread 0x000001fb3cc1d9c0 flushing  nmethod 0x000001fb29e4e090
Event: 239.406 Thread 0x000001fb3cc1d9c0 flushing  nmethod 0x000001fb29e61110
Event: 239.406 Thread 0x000001fb3cc1d9c0 flushing  nmethod 0x000001fb29ea0c10
Event: 239.406 Thread 0x000001fb3cc1d9c0 flushing  nmethod 0x000001fb29ea1b10
Event: 239.406 Thread 0x000001fb3cc1d9c0 flushing  nmethod 0x000001fb29ea2110
Event: 239.406 Thread 0x000001fb3cc1d9c0 flushing  nmethod 0x000001fb29ea2990
Event: 239.406 Thread 0x000001fb3cc1d9c0 flushing  nmethod 0x000001fb29ea3810
Event: 239.406 Thread 0x000001fb3cc1d9c0 flushing  nmethod 0x000001fb29ea8790

Events (20 events):
Event: 238.369 Thread 0x000001fb05d942d0 Thread exited: 0x000001fb05d942d0
Event: 238.369 Thread 0x000001fb05d90130 Thread exited: 0x000001fb05d90130
Event: 238.369 Thread 0x000001fb05d907c0 Thread exited: 0x000001fb05d907c0
Event: 238.369 Thread 0x000001fb05d90e50 Thread exited: 0x000001fb05d90e50
Event: 238.494 Thread 0x000001fb3cc42a80 Thread added: 0x000001fb04b9a020
Event: 240.470 Thread 0x000001fb04b9a020 Thread exited: 0x000001fb04b9a020
Event: 241.380 Thread 0x000001fb7ea9b3e0 Thread added: 0x000001fb05d91b70
Event: 242.295 Thread 0x000001fb05d8ed80 Thread added: 0x000001fb05d90130
Event: 242.299 Thread 0x000001fb05d90130 Thread added: 0x000001fb05d914e0
Event: 243.128 Thread 0x000001fb7ea9b3e0 Thread added: 0x000001fb05d92200
Event: 243.906 Thread 0x000001fb05d914e0 Thread added: 0x000001fb05d90e50
Event: 243.908 Thread 0x000001fb3ccb9920 Thread added: 0x000001fb0f967910
Event: 244.776 Thread 0x000001fb05d8e6f0 Thread added: 0x000001fb05d942d0
Event: 245.020 Thread 0x000001fb05d90e50 Thread exited: 0x000001fb05d90e50
Event: 246.624 Thread 0x000001fb0f967910 Thread exited: 0x000001fb0f967910
Event: 303.862 Thread 0x000001fb7ea9ad50 Thread exited: 0x000001fb7ea9ad50
Event: 304.072 Thread 0x000001fb05d92200 Thread exited: 0x000001fb05d92200
Event: 336.141 Thread 0x000001fb05d8e6f0 Thread exited: 0x000001fb05d8e6f0
Event: 396.492 Thread 0x000001fb05d90130 Thread exited: 0x000001fb05d90130
Event: 456.758 Thread 0x000001fb05d914e0 Thread exited: 0x000001fb05d914e0


Dynamic libraries:
0x00007ff6ecf00000 - 0x00007ff6ecf0e000 	c:\Users\Gurvindar\.vscode\extensions\redhat.java-1.45.0-win32-x64\jre\21.0.8-win32-x86_64\bin\java.exe
0x00007ffcf73b0000 - 0x00007ffcf75a8000 	C:\WINDOWS\SYSTEM32\ntdll.dll
0x00007ffcf5bb0000 - 0x00007ffcf5c72000 	C:\WINDOWS\System32\KERNEL32.DLL
0x00007ffcf4a50000 - 0x00007ffcf4d46000 	C:\WINDOWS\System32\KERNELBASE.dll
0x00007ffcf4f60000 - 0x00007ffcf5060000 	C:\WINDOWS\System32\ucrtbase.dll
0x00007ffce30f0000 - 0x00007ffce3108000 	c:\Users\Gurvindar\.vscode\extensions\redhat.java-1.45.0-win32-x64\jre\21.0.8-win32-x86_64\bin\jli.dll
0x00007ffcf60d0000 - 0x00007ffcf626d000 	C:\WINDOWS\System32\USER32.dll
0x00007ffcf51c0000 - 0x00007ffcf51e2000 	C:\WINDOWS\System32\win32u.dll
0x00007ffcf6ae0000 - 0x00007ffcf6b0b000 	C:\WINDOWS\System32\GDI32.dll
0x00007ffcf5220000 - 0x00007ffcf5339000 	C:\WINDOWS\System32\gdi32full.dll
0x00007ffcf5340000 - 0x00007ffcf53dd000 	C:\WINDOWS\System32\msvcp_win.dll
0x00007ffce2fc0000 - 0x00007ffce2fde000 	c:\Users\Gurvindar\.vscode\extensions\redhat.java-1.45.0-win32-x64\jre\21.0.8-win32-x86_64\bin\VCRUNTIME140.dll
0x00007ffce2a40000 - 0x00007ffce2cdb000 	C:\WINDOWS\WinSxS\amd64_microsoft.windows.common-controls_6595b64144ccf1df_6.0.19041.6280_none_60bc30a171f2f3f3\COMCTL32.dll
0x00007ffcf5c80000 - 0x00007ffcf5d1e000 	C:\WINDOWS\System32\msvcrt.dll
0x00007ffcf53e0000 - 0x00007ffcf540f000 	C:\WINDOWS\System32\IMM32.DLL
0x00007ffcea480000 - 0x00007ffcea48c000 	c:\Users\Gurvindar\.vscode\extensions\redhat.java-1.45.0-win32-x64\jre\21.0.8-win32-x86_64\bin\vcruntime140_1.dll
0x00007ffcd52d0000 - 0x00007ffcd535d000 	c:\Users\Gurvindar\.vscode\extensions\redhat.java-1.45.0-win32-x64\jre\21.0.8-win32-x86_64\bin\msvcp140.dll
0x00007ffcbb390000 - 0x00007ffcbc127000 	c:\Users\Gurvindar\.vscode\extensions\redhat.java-1.45.0-win32-x64\jre\21.0.8-win32-x86_64\bin\server\jvm.dll
0x00007ffcf5a60000 - 0x00007ffcf5b11000 	C:\WINDOWS\System32\ADVAPI32.dll
0x00007ffcf5d80000 - 0x00007ffcf5e1f000 	C:\WINDOWS\System32\sechost.dll
0x00007ffcf6bc0000 - 0x00007ffcf6ce0000 	C:\WINDOWS\System32\RPCRT4.dll
0x00007ffcf51f0000 - 0x00007ffcf5217000 	C:\WINDOWS\System32\bcrypt.dll
0x00007ffcf5e20000 - 0x00007ffcf5e8b000 	C:\WINDOWS\System32\WS2_32.dll
0x00007ffcf48b0000 - 0x00007ffcf48fb000 	C:\WINDOWS\SYSTEM32\POWRPROF.dll
0x00007ffcea590000 - 0x00007ffcea5b7000 	C:\WINDOWS\SYSTEM32\WINMM.dll
0x00007ffcebc30000 - 0x00007ffcebc3a000 	C:\WINDOWS\SYSTEM32\VERSION.dll
0x00007ffcf4890000 - 0x00007ffcf48a2000 	C:\WINDOWS\SYSTEM32\UMPDC.dll
0x00007ffcf28f0000 - 0x00007ffcf2902000 	C:\WINDOWS\SYSTEM32\kernel.appcore.dll
0x00007ffce43b0000 - 0x00007ffce43ba000 	c:\Users\Gurvindar\.vscode\extensions\redhat.java-1.45.0-win32-x64\jre\21.0.8-win32-x86_64\bin\jimage.dll
0x00007ffcebed0000 - 0x00007ffcec0d1000 	C:\WINDOWS\SYSTEM32\DBGHELP.DLL
0x00007ffce2060000 - 0x00007ffce2094000 	C:\WINDOWS\SYSTEM32\dbgcore.DLL
0x00007ffcf50e0000 - 0x00007ffcf5162000 	C:\WINDOWS\System32\bcryptPrimitives.dll
0x00007ffce39d0000 - 0x00007ffce39df000 	c:\Users\Gurvindar\.vscode\extensions\redhat.java-1.45.0-win32-x64\jre\21.0.8-win32-x86_64\bin\instrument.dll
0x00007ffce39b0000 - 0x00007ffce39cf000 	c:\Users\Gurvindar\.vscode\extensions\redhat.java-1.45.0-win32-x64\jre\21.0.8-win32-x86_64\bin\java.dll
0x00007ffcf6270000 - 0x00007ffcf69e0000 	C:\WINDOWS\System32\SHELL32.dll
0x00007ffcf2af0000 - 0x00007ffcf3294000 	C:\WINDOWS\SYSTEM32\windows.storage.dll
0x00007ffcf5700000 - 0x00007ffcf5a53000 	C:\WINDOWS\System32\combase.dll
0x00007ffcf43b0000 - 0x00007ffcf43db000 	C:\WINDOWS\SYSTEM32\Wldp.dll
0x00007ffcf5630000 - 0x00007ffcf56fd000 	C:\WINDOWS\System32\OLEAUT32.dll
0x00007ffcf6b10000 - 0x00007ffcf6bbd000 	C:\WINDOWS\System32\SHCORE.dll
0x00007ffcf5d20000 - 0x00007ffcf5d7b000 	C:\WINDOWS\System32\shlwapi.dll
0x00007ffcf4980000 - 0x00007ffcf49a4000 	C:\WINDOWS\SYSTEM32\profapi.dll
0x00007ffce3780000 - 0x00007ffce3798000 	c:\Users\Gurvindar\.vscode\extensions\redhat.java-1.45.0-win32-x64\jre\21.0.8-win32-x86_64\bin\zip.dll
0x00007ffce37c0000 - 0x00007ffce37d0000 	C:\Users\Gurvindar\.vscode\extensions\redhat.java-1.45.0-win32-x64\jre\21.0.8-win32-x86_64\bin\net.dll
0x00007ffced910000 - 0x00007ffceda1a000 	C:\WINDOWS\SYSTEM32\WINHTTP.dll
0x00007ffcf4110000 - 0x00007ffcf417a000 	C:\WINDOWS\system32\mswsock.dll
0x00007ffce3760000 - 0x00007ffce3776000 	C:\Users\Gurvindar\.vscode\extensions\redhat.java-1.45.0-win32-x64\jre\21.0.8-win32-x86_64\bin\nio.dll
0x00007ffce3750000 - 0x00007ffce3760000 	c:\Users\Gurvindar\.vscode\extensions\redhat.java-1.45.0-win32-x64\jre\21.0.8-win32-x86_64\bin\verify.dll
0x00007ffcca900000 - 0x00007ffcca944000 	C:\Users\Gurvindar\AppData\Roaming\Code\User\globalStorage\redhat.java\1.45.0\config_win\org.eclipse.equinox.launcher\org.eclipse.equinox.launcher.win32.win32.x86_64_1.2.1400.v20250801-0854\eclipse_11916.dll
0x00007ffcf7160000 - 0x00007ffcf728b000 	C:\WINDOWS\System32\ole32.dll
0x00007ffcf4300000 - 0x00007ffcf4318000 	C:\WINDOWS\SYSTEM32\CRYPTSP.dll
0x00007ffcf3a30000 - 0x00007ffcf3a68000 	C:\WINDOWS\system32\rsaenh.dll
0x00007ffcf4900000 - 0x00007ffcf492e000 	C:\WINDOWS\SYSTEM32\USERENV.dll
0x00007ffcf4320000 - 0x00007ffcf432c000 	C:\WINDOWS\SYSTEM32\CRYPTBASE.dll
0x00007ffcf3df0000 - 0x00007ffcf3e2b000 	C:\WINDOWS\SYSTEM32\IPHLPAPI.DLL
0x00007ffcf6ce0000 - 0x00007ffcf6ce8000 	C:\WINDOWS\System32\NSI.dll
0x00007ffcc79c0000 - 0x00007ffcc7a09000 	C:\Users\Gurvindar\AppData\Local\Temp\jna--155078722\jna8796001881011693232.dll
0x00007ffcf55c0000 - 0x00007ffcf55c8000 	C:\WINDOWS\System32\PSAPI.DLL
0x00007ffceea70000 - 0x00007ffceea87000 	C:\WINDOWS\SYSTEM32\dhcpcsvc6.DLL
0x00007ffcee9c0000 - 0x00007ffcee9dd000 	C:\WINDOWS\SYSTEM32\dhcpcsvc.DLL
0x00007ffcd05c0000 - 0x00007ffcd05ce000 	C:\Users\Gurvindar\.vscode\extensions\redhat.java-1.45.0-win32-x64\jre\21.0.8-win32-x86_64\bin\sunmscapi.dll
0x00007ffcf4d50000 - 0x00007ffcf4ead000 	C:\WINDOWS\System32\CRYPT32.dll
0x00007ffcf4420000 - 0x00007ffcf4447000 	C:\WINDOWS\SYSTEM32\ncrypt.dll
0x00007ffcf43e0000 - 0x00007ffcf441b000 	C:\WINDOWS\SYSTEM32\NTASN1.dll
0x00007ffcf3e30000 - 0x00007ffcf3efa000 	C:\WINDOWS\SYSTEM32\DNSAPI.dll
0x00007ffce57a0000 - 0x00007ffce57aa000 	C:\Windows\System32\rasadhlp.dll
0x00007ffce5620000 - 0x00007ffce56a0000 	C:\WINDOWS\System32\fwpuclnt.dll
0x00007ffcccc10000 - 0x00007ffcccc19000 	C:\Users\Gurvindar\.vscode\extensions\redhat.java-1.45.0-win32-x64\jre\21.0.8-win32-x86_64\bin\extnet.dll

JVMTI agents:
c:\Users\Gurvindar\.vscode\extensions\redhat.java-1.45.0-win32-x64\lombok\lombok-1.18.39-4050.jar path:c:\Users\Gurvindar\.vscode\extensions\redhat.java-1.45.0-win32-x64\jre\21.0.8-win32-x86_64\bin\instrument.dll, loaded, initialized, instrumentlib options:none

dbghelp: loaded successfully - version: 4.0.5 - missing functions: none
symbol engine: initialized successfully - sym options: 0x614 - pdb path: .;c:\Users\Gurvindar\.vscode\extensions\redhat.java-1.45.0-win32-x64\jre\21.0.8-win32-x86_64\bin;C:\WINDOWS\SYSTEM32;C:\WINDOWS\WinSxS\amd64_microsoft.windows.common-controls_6595b64144ccf1df_6.0.19041.6280_none_60bc30a171f2f3f3;c:\Users\Gurvindar\.vscode\extensions\redhat.java-1.45.0-win32-x64\jre\21.0.8-win32-x86_64\bin\server;C:\Users\Gurvindar\AppData\Roaming\Code\User\globalStorage\redhat.java\1.45.0\config_win\org.eclipse.equinox.launcher\org.eclipse.equinox.launcher.win32.win32.x86_64_1.2.1400.v20250801-0854;C:\Users\Gurvindar\AppData\Local\Temp\jna--155078722

VM Arguments:
jvm_args: --add-modules=ALL-SYSTEM --add-opens=java.base/java.util=ALL-UNNAMED --add-opens=java.base/java.lang=ALL-UNNAMED --add-opens=java.base/sun.nio.fs=ALL-UNNAMED -Declipse.application=org.eclipse.jdt.ls.core.id1 -Dosgi.bundles.defaultStartLevel=4 -Declipse.product=org.eclipse.jdt.ls.core.product -Djava.import.generatesMetadataFilesAtProjectRoot=false -DDetectVMInstallationsJob.disabled=true -Dfile.encoding=utf8 -XX:+UseParallelGC -XX:GCTimeRatio=4 -XX:AdaptiveSizePolicyWeight=90 -Dsun.zip.disableMemoryMapping=true -Xmx2G -Xms100m -Xlog:disable -javaagent:c:\Users\Gurvindar\.vscode\extensions\redhat.java-1.45.0-win32-x64\lombok\lombok-1.18.39-4050.jar -XX:+HeapDumpOnOutOfMemoryError -XX:HeapDumpPath=c:\Users\Gurvindar\AppData\Roaming\Code\User\workspaceStorage\a8947560e3c2f3bcb3d99650a96ed420\redhat.java -Daether.dependencyCollector.impl=bf 
java_command: c:\Users\Gurvindar\.vscode\extensions\redhat.java-1.45.0-win32-x64\server\plugins\org.eclipse.equinox.launcher_1.7.0.v20250519-0528.jar -configuration c:\Users\Gurvindar\AppData\Roaming\Code\User\globalStorage\redhat.java\1.45.0\config_win -data c:\Users\Gurvindar\AppData\Roaming\Code\User\workspaceStorage\a8947560e3c2f3bcb3d99650a96ed420\redhat.java\jdt_ws --pipe=\\.\pipe\lsp-99420c522779dfae0d433ba5be98b7f8-sock
java_class_path (initial): c:\Users\Gurvindar\.vscode\extensions\redhat.java-1.45.0-win32-x64\server\plugins\org.eclipse.equinox.launcher_1.7.0.v20250519-0528.jar
Launcher Type: SUN_STANDARD

[Global flags]
    uintx AdaptiveSizePolicyWeight                 = 90                                        {product} {command line}
     intx CICompilerCount                          = 3                                         {product} {ergonomic}
    uintx GCTimeRatio                              = 4                                         {product} {command line}
     bool HeapDumpOnOutOfMemoryError               = true                                   {manageable} {command line}
    ccstr HeapDumpPath                             = c:\Users\Gurvindar\AppData\Roaming\Code\User\workspaceStorage\a8947560e3c2f3bcb3d99650a96ed420\redhat.java         {manageable} {command line}
   size_t InitialHeapSize                          = 104857600                                 {product} {command line}
   size_t MaxHeapSize                              = 2147483648                                {product} {command line}
   size_t MaxNewSize                               = 715653120                                 {product} {ergonomic}
   size_t MinHeapDeltaBytes                        = 524288                                    {product} {ergonomic}
   size_t MinHeapSize                              = 104857600                                 {product} {command line}
   size_t NewSize                                  = 34603008                                  {product} {ergonomic}
    uintx NonNMethodCodeHeapSize                   = 5832780                                {pd product} {ergonomic}
    uintx NonProfiledCodeHeapSize                  = 122912730                              {pd product} {ergonomic}
   size_t OldSize                                  = 70254592                                  {product} {ergonomic}
    uintx ProfiledCodeHeapSize                     = 122912730                              {pd product} {ergonomic}
    uintx ReservedCodeCacheSize                    = 251658240                              {pd product} {ergonomic}
     bool SegmentedCodeCache                       = true                                      {product} {ergonomic}
   size_t SoftMaxHeapSize                          = 2147483648                             {manageable} {ergonomic}
     bool UseCompressedOops                        = true                           {product lp64_product} {ergonomic}
     bool UseLargePagesIndividualAllocation        = false                                  {pd product} {ergonomic}
     bool UseParallelGC                            = true                                      {product} {command line}

Logging:
Log output configuration:
 #0: stdout all=off uptime,level,tags foldmultilines=false
 #1: stderr all=off uptime,level,tags foldmultilines=false

Environment Variables:
PATH=C:\Program Files (x86)\VMware\VMware Workstation\bin\;C:\Program Files\Common Files\Oracle\Java\javapath;C:\WINDOWS\system32;C:\WINDOWS;C:\WINDOWS\System32\Wbem;C:\WINDOWS\System32\WindowsPowerShell\v1.0\;C:\WINDOWS\System32\OpenSSH\;C:\Program Files\Git\cmd;C:\Program Files\nodejs\;C:\Program Files\MongoDB\Server\8.0\bin;C:\Program Files\MongoDB\Server\8.0\bin;c:\Users\Gurvindar\AppData\Local\Programs\cursor\resources\app\bin;C:\Program Files\dotnet\;C:\Users\Gurvindar\Downloads\mongosh-2.5.3-win32-x64\mongosh-2.5.3-win32-x64\bin;C:\Program Files\MySQL\MySQL Shell 8.0\bin\;c:\Users\Gurvindar\AppData\Local\Programs\Trae\bin;C:\Users\Gurvindar\AppData\Local\Programs\Python\Python312\Scripts\;C:\Users\Gurvindar\AppData\Local\Programs\Python\Python312\;C:\Users\Gurvindar\AppData\Local\Microsoft\WindowsApps;C:\Users\Gurvindar\AppData\Local\Programs\Microsoft VS Code\bin;C:\Users\Gurvindar\OneDrive\Documents\IntelliJ IDEA 2025.1.3\bin;;C:\Users\Gurvindar\AppData\Roaming\npm;C:\Users\Gurvindar\AppData\Local\Programs\mongosh\;C:\Users\Gurvindar\AppData\Local\GitHubDesktop\bin;C:\Users\Gurvindar\AppData\Local\Programs\cursor\resources\app\bin;C:\Users\Gurvindar\AppData\Local\Muse Hub\lib;C:\Users\Gurvindar\AppData\Local\Muse Hub\lib;C:\Users\Gurvindar\.dotnet\tools
USERNAME=Gurvindar
OS=Windows_NT
PROCESSOR_IDENTIFIER=AMD64 Family 23 Model 17 Stepping 0, AuthenticAMD
TMP=C:\Users\GURVIN~1\AppData\Local\Temp
TEMP=C:\Users\GURVIN~1\AppData\Local\Temp




Periodic native trim disabled

---------------  S Y S T E M  ---------------

OS:
 Windows 10 , 64 bit Build 19041 (10.0.19041.5915)
OS uptime: 0 days 1:32 hours

CPU: total 4 (initial active 4) (4 cores per cpu, 1 threads per core) family 23 model 17 stepping 0 microcode 0x0, cx8, cmov, fxsr, mmx, 3dnowpref, sse, sse2, sse3, ssse3, sse4a, sse4.1, sse4.2, popcnt, lzcnt, tsc, tscinvbit, avx, avx2, aes, clmul, bmi1, bmi2, adx, sha, fma, vzeroupper, clflush, clflushopt, rdtscp, f16c
Processor Information for the first 4 processors :
  Max Mhz: 3500, Current Mhz: 3500, Mhz Limit: 3500

Memory: 4k page, system-wide physical 6092M (265M free)
TotalPageFile size 24524M (AvailPageFile size 77M)
current process WorkingSet (physical memory assigned to process): 20M, peak: 317M
current process commit charge ("private bytes"): 396M, peak: 442M

vm_info: OpenJDK 64-Bit Server VM (21.0.8+9-LTS) for windows-amd64 JRE (21.0.8+9-LTS), built on 2025-07-15T00:00:00Z by "admin" with MS VC++ 17.7 (VS2022)

END.
