#
# There is insufficient memory for the Java Runtime Environment to continue.
# Native memory allocation (malloc) failed to allocate 1048576 bytes. Error detail: AllocateHeap
# Possible reasons:
#   The system is out of physical RAM or swap space
#   This process is running with CompressedOops enabled, and the Java Heap may be blocking the growth of the native heap
# Possible solutions:
#   Reduce memory load on the system
#   Increase physical memory or swap space
#   Check if swap backing store is full
#   Decrease Java heap size (-Xmx/-Xms)
#   Decrease number of Java threads
#   Decrease Java thread stack sizes (-Xss)
#   Set larger code cache with -XX:ReservedCodeCacheSize=
#   JVM is running with Unscaled Compressed Oops mode in which the Java heap is
#     placed in the first 4GB address space. The Java Heap base address is the
#     maximum limit for the native heap growth. Please use -XX:HeapBaseMinAddress
#     to set the Java Heap base and to place the Java Heap above 4GB virtual address.
# This output file may be truncated or incomplete.
#
#  Out of Memory Error (allocation.cpp:44), pid=13080, tid=13308
#
# JRE version: OpenJDK Runtime Environment Temurin-21.0.8+9 (21.0.8+9) (build 21.0.8+9-LTS)
# Java VM: OpenJDK 64-Bit Server VM Temurin-21.0.8+9 (21.0.8+9-LTS, mixed mode, sharing, tiered, compressed oops, compressed class ptrs, parallel gc, windows-amd64)
# No core dump will be written. Minidumps are not enabled by default on client versions of Windows
#

---------------  S U M M A R Y ------------

Command Line: --add-modules=ALL-SYSTEM --add-opens=java.base/java.util=ALL-UNNAMED --add-opens=java.base/java.lang=ALL-UNNAMED --add-opens=java.base/sun.nio.fs=ALL-UNNAMED -Declipse.application=org.eclipse.jdt.ls.core.id1 -Dosgi.bundles.defaultStartLevel=4 -Declipse.product=org.eclipse.jdt.ls.core.product -Djava.import.generatesMetadataFilesAtProjectRoot=false -DDetectVMInstallationsJob.disabled=true -Dfile.encoding=utf8 -XX:+UseParallelGC -XX:GCTimeRatio=4 -XX:AdaptiveSizePolicyWeight=90 -Dsun.zip.disableMemoryMapping=true -Xmx2G -Xms100m -Xlog:disable -javaagent:c:\Users\Gurvindar\.vscode\extensions\redhat.java-1.44.0-win32-x64\lombok\lombok-1.18.39-4050.jar -XX:+HeapDumpOnOutOfMemoryError -XX:HeapDumpPath=c:\Users\Gurvindar\AppData\Roaming\Code\User\workspaceStorage\a8947560e3c2f3bcb3d99650a96ed420\redhat.java -Daether.dependencyCollector.impl=bf c:\Users\Gurvindar\.vscode\extensions\redhat.java-1.44.0-win32-x64\server\plugins\org.eclipse.equinox.launcher_1.7.0.v20250519-0528.jar -configuration c:\Users\Gurvindar\AppData\Roaming\Code\User\globalStorage\redhat.java\1.44.0\config_win -data c:\Users\Gurvindar\AppData\Roaming\Code\User\workspaceStorage\a8947560e3c2f3bcb3d99650a96ed420\redhat.java\jdt_ws --pipe=\\.\pipe\lsp-2d13460cb132025be0a5be0ee97fb561-sock

Host: AMD Ryzen 3 2200G with Radeon Vega Graphics    , 4 cores, 5G,  Windows 10 , 64 bit Build 19041 (10.0.19041.5915)
Time: Fri Aug 22 17:17:47 2025 India Standard Time elapsed time: 10164.480513 seconds (0d 2h 49m 24s)

---------------  T H R E A D  ---------------

Current thread (0x000001b0dda15650):  JavaThread "Attach Listener" daemon [_thread_in_vm, id=13308, stack(0x000000832ef00000,0x000000832f000000) (1024K)]

Stack: [0x000000832ef00000,0x000000832f000000]
Native frames: (J=compiled Java code, j=interpreted, Vv=VM code, C=native code)
V  [jvm.dll+0x6d2449]
V  [jvm.dll+0x8ae341]
V  [jvm.dll+0x8b08be]
V  [jvm.dll+0x8b0fa3]
V  [jvm.dll+0x280c96]
V  [jvm.dll+0xc0347]
V  [jvm.dll+0x6d2cf9]
V  [jvm.dll+0x131116]
V  [jvm.dll+0x3f2d16]
V  [jvm.dll+0x857e6b]
V  [jvm.dll+0x6d0b0d]
C  [ucrtbase.dll+0x21bb2]
C  [KERNEL32.DLL+0x17374]
C  [ntdll.dll+0x4cc91]


---------------  P R O C E S S  ---------------

Threads class SMR info:
_java_thread_list=0x000001b0e40f8ab0, length=31, elements={
0x000001b0c7031210, 0x000001b0c70ec4e0, 0x000001b0c70edde0, 0x000001b0dda0ffd0,
0x000001b0dda15650, 0x000001b0dda17940, 0x000001b0dda18390, 0x000001b0dda19110,
0x000001b0dda88e90, 0x000001b0ddace0d0, 0x000001b0de902450, 0x000001b0e36356c0,
0x000001b0e34a8ce0, 0x000001b0e34a72a0, 0x000001b0e34a7930, 0x000001b0e34a7fc0,
0x000001b0e34a6580, 0x000001b0e34a9370, 0x000001b0e34a5ef0, 0x000001b0e34a6c10,
0x000001b0e35d4170, 0x000001b0e35d3ae0, 0x000001b0e35d4e90, 0x000001b0e35cffd0,
0x000001b0e35d0cf0, 0x000001b0e35cf940, 0x000001b0e35d5520, 0x000001b0e35d5bb0,
0x000001b0e35d6f60, 0x000001b0e35d6240, 0x000001b0e34a8650
}

Java Threads: ( => current thread )
  0x000001b0c7031210 JavaThread "main"                              [_thread_blocked, id=388, stack(0x000000832e800000,0x000000832e900000) (1024K)]
  0x000001b0c70ec4e0 JavaThread "Reference Handler"          daemon [_thread_blocked, id=10700, stack(0x000000832ec00000,0x000000832ed00000) (1024K)]
  0x000001b0c70edde0 JavaThread "Finalizer"                  daemon [_thread_blocked, id=13076, stack(0x000000832ed00000,0x000000832ee00000) (1024K)]
  0x000001b0dda0ffd0 JavaThread "Signal Dispatcher"          daemon [_thread_blocked, id=13240, stack(0x000000832ee00000,0x000000832ef00000) (1024K)]
=>0x000001b0dda15650 JavaThread "Attach Listener"            daemon [_thread_in_vm, id=13308, stack(0x000000832ef00000,0x000000832f000000) (1024K)]
  0x000001b0dda17940 JavaThread "Service Thread"             daemon [_thread_blocked, id=13196, stack(0x000000832f000000,0x000000832f100000) (1024K)]
  0x000001b0dda18390 JavaThread "Monitor Deflation Thread"   daemon [_thread_blocked, id=8548, stack(0x000000832f100000,0x000000832f200000) (1024K)]
  0x000001b0dda19110 JavaThread "C2 CompilerThread0"         daemon [_thread_blocked, id=10832, stack(0x000000832f200000,0x000000832f300000) (1024K)]
  0x000001b0dda88e90 JavaThread "C1 CompilerThread0"         daemon [_thread_blocked, id=1196, stack(0x000000832f300000,0x000000832f400000) (1024K)]
  0x000001b0ddace0d0 JavaThread "Common-Cleaner"             daemon [_thread_blocked, id=8352, stack(0x000000832f400000,0x000000832f500000) (1024K)]
  0x000001b0de902450 JavaThread "Notification Thread"        daemon [_thread_blocked, id=3872, stack(0x000000832f500000,0x000000832f600000) (1024K)]
  0x000001b0e36356c0 JavaThread "Active Thread: Equinox Container: bc5eb45e-e49a-4b12-b2b9-4eaed7777a38"        [_thread_blocked, id=10456, stack(0x000000832f900000,0x000000832fa00000) (1024K)]
  0x000001b0e34a8ce0 JavaThread "Refresh Thread: Equinox Container: bc5eb45e-e49a-4b12-b2b9-4eaed7777a38" daemon [_thread_blocked, id=10596, stack(0x000000832fa00000,0x000000832fb00000) (1024K)]
  0x000001b0e34a72a0 JavaThread "Framework Event Dispatcher: Equinox Container: bc5eb45e-e49a-4b12-b2b9-4eaed7777a38" daemon [_thread_blocked, id=1804, stack(0x000000832fb00000,0x000000832fc00000) (1024K)]
  0x000001b0e34a7930 JavaThread "Start Level: Equinox Container: bc5eb45e-e49a-4b12-b2b9-4eaed7777a38" daemon [_thread_blocked, id=11776, stack(0x000000832fc00000,0x000000832fd00000) (1024K)]
  0x000001b0e34a7fc0 JavaThread "Bundle File Closer"         daemon [_thread_blocked, id=6360, stack(0x000000832fd00000,0x000000832fe00000) (1024K)]
  0x000001b0e34a6580 JavaThread "SCR Component Actor"        daemon [_thread_blocked, id=12392, stack(0x000000832fe00000,0x000000832ff00000) (1024K)]
  0x000001b0e34a9370 JavaThread "Worker-JM"                         [_thread_blocked, id=9244, stack(0x0000008330000000,0x0000008330100000) (1024K)]
  0x000001b0e34a5ef0 JavaThread "JNA Cleaner"                daemon [_thread_blocked, id=12052, stack(0x0000008330100000,0x0000008330200000) (1024K)]
  0x000001b0e34a6c10 JavaThread "Worker-0"                          [_thread_blocked, id=9788, stack(0x0000008330200000,0x0000008330300000) (1024K)]
  0x000001b0e35d4170 JavaThread "Worker-2"                          [_thread_blocked, id=12772, stack(0x0000008330400000,0x0000008330500000) (1024K)]
  0x000001b0e35d3ae0 JavaThread "Java indexing"              daemon [_thread_blocked, id=748, stack(0x0000008330500000,0x0000008330600000) (1024K)]
  0x000001b0e35d4e90 JavaThread "Thread-2"                   daemon [_thread_in_native, id=11316, stack(0x0000008330c00000,0x0000008330d00000) (1024K)]
  0x000001b0e35cffd0 JavaThread "Thread-3"                   daemon [_thread_in_native, id=380, stack(0x0000008330d00000,0x0000008330e00000) (1024K)]
  0x000001b0e35d0cf0 JavaThread "Thread-4"                   daemon [_thread_in_native, id=10784, stack(0x0000008330e00000,0x0000008330f00000) (1024K)]
  0x000001b0e35cf940 JavaThread "Thread-5"                   daemon [_thread_in_native, id=10224, stack(0x0000008330f00000,0x0000008331000000) (1024K)]
  0x000001b0e35d5520 JavaThread "Thread-6"                   daemon [_thread_in_native, id=10820, stack(0x0000008331000000,0x0000008331100000) (1024K)]
  0x000001b0e35d5bb0 JavaThread "pool-2-thread-1"                   [_thread_blocked, id=5460, stack(0x0000008331100000,0x0000008331200000) (1024K)]
  0x000001b0e35d6f60 JavaThread "WorkspaceEventsHandler"            [_thread_blocked, id=10724, stack(0x0000008331200000,0x0000008331300000) (1024K)]
  0x000001b0e35d6240 JavaThread "pool-1-thread-1"                   [_thread_blocked, id=8152, stack(0x0000008331300000,0x0000008331400000) (1024K)]
  0x000001b0e34a8650 JavaThread "Cleaner-0"                  daemon [_thread_blocked, id=12060, stack(0x000000832e700000,0x000000832e800000) (1024K)]
Total: 31

Other Threads:
  0x000001b0c70d18a0 VMThread "VM Thread"                           [id=13104, stack(0x000000832eb00000,0x000000832ec00000) (1024K)]
  0x000001b0c70a0d00 WatcherThread "VM Periodic Task Thread"        [id=7664, stack(0x000000832ea00000,0x000000832eb00000) (1024K)]
  0x000001b0c704f1a0 WorkerThread "GC Thread#0"                     [id=13168, stack(0x000000832e900000,0x000000832ea00000) (1024K)]
  0x000001b0de93a400 WorkerThread "GC Thread#1"                     [id=13272, stack(0x000000832f600000,0x000000832f700000) (1024K)]
  0x000001b0de93ee80 WorkerThread "GC Thread#2"                     [id=13260, stack(0x000000832f700000,0x000000832f800000) (1024K)]
  0x000001b0de93f220 WorkerThread "GC Thread#3"                     [id=11756, stack(0x000000832f800000,0x000000832f900000) (1024K)]
Total: 6

Threads with active compile tasks:
Total: 0

VM state: not at safepoint (normal execution)

VM Mutex/Monitor currently owned by a thread: None

Heap address: 0x0000000080000000, size: 2048 MB, Compressed Oops mode: 32-bit

CDS archive(s) mapped at: [0x000001b080000000-0x000001b080ba0000-0x000001b080ba0000), size 12189696, SharedBaseAddress: 0x000001b080000000, ArchiveRelocationMode: 1.
Compressed class space mapped at: 0x000001b081000000-0x000001b0c1000000, reserved size: 1073741824
Narrow klass base: 0x000001b080000000, Narrow klass shift: 0, Narrow klass range: 0x100000000

GC Precious Log:
 CardTable entry size: 512
 CPUs: 4 total, 4 available
 Memory: 6092M
 Large Page Support: Disabled
 NUMA Support: Disabled
 Compressed Oops: Enabled (32-bit)
 Alignments: Space 512K, Generation 512K, Heap 2M
 Heap Min Capacity: 100M
 Heap Initial Capacity: 100M
 Heap Max Capacity: 2G
 Pre-touch: Disabled
 Parallel Workers: 4

Heap:
 PSYoungGen      total 3584K, used 3526K [0x00000000d5580000, 0x00000000d5c80000, 0x0000000100000000)
  eden space 3072K, 98% used [0x00000000d5580000,0x00000000d5876b90,0x00000000d5880000)
  from space 512K, 95% used [0x00000000d5b00000,0x00000000d5b7aca8,0x00000000d5b80000)
  to   space 1024K, 0% used [0x00000000d5b80000,0x00000000d5b80000,0x00000000d5c80000)
 ParOldGen       total 516608K, used 516430K [0x0000000080000000, 0x000000009f880000, 0x00000000d5580000)
  object space 516608K, 99% used [0x0000000080000000,0x000000009f853a40,0x000000009f880000)
 Metaspace       used 66301K, committed 67904K, reserved 1114112K
  class space    used 6985K, committed 7616K, reserved 1048576K

Card table byte_map: [0x000001b0c69d0000,0x000001b0c6de0000] _byte_map_base: 0x000001b0c65d0000

Marking Bits: (ParMarkBitMap*) 0x00007ff96ebfa340
 Begin Bits: [0x000001b0d94d0000, 0x000001b0db4d0000)
 End Bits:   [0x000001b0db4d0000, 0x000001b0dd4d0000)

Polling page: 0x000001b0c4f00000

Metaspace:

Usage:
  Non-class:     57.93 MB used.
      Class:      6.82 MB used.
       Both:     64.75 MB used.

Virtual space:
  Non-class space:       64.00 MB reserved,      58.88 MB ( 92%) committed,  1 nodes.
      Class space:        1.00 GB reserved,       7.44 MB ( <1%) committed,  1 nodes.
             Both:        1.06 GB reserved,      66.31 MB (  6%) committed. 

Chunk freelists:
   Non-Class:  4.23 MB
       Class:  8.47 MB
        Both:  12.70 MB

MaxMetaspaceSize: unlimited
CompressedClassSpaceSize: 1.00 GB
Initial GC threshold: 21.00 MB
Current GC threshold: 97.31 MB
CDS: on
 - commit_granule_bytes: 65536.
 - commit_granule_words: 8192.
 - virtual_space_node_default_size: 8388608.
 - enlarge_chunks_in_place: 1.
 - use_allocation_guard: 0.


Internal statistics:

num_allocs_failed_limit: 9.
num_arena_births: 1104.
num_arena_deaths: 18.
num_vsnodes_births: 2.
num_vsnodes_deaths: 0.
num_space_committed: 1061.
num_space_uncommitted: 0.
num_chunks_returned_to_freelist: 29.
num_chunks_taken_from_freelist: 4097.
num_chunk_merges: 13.
num_chunk_splits: 2588.
num_chunks_enlarged: 1584.
num_inconsistent_stats: 0.

CodeHeap 'non-profiled nmethods': size=120000Kb used=7809Kb max_used=7809Kb free=112190Kb
 bounds [0x000001b0d1cf0000, 0x000001b0d24a0000, 0x000001b0d9220000]
CodeHeap 'profiled nmethods': size=120000Kb used=22388Kb max_used=22388Kb free=97611Kb
 bounds [0x000001b0ca220000, 0x000001b0cb800000, 0x000001b0d1750000]
CodeHeap 'non-nmethods': size=5760Kb used=1447Kb max_used=1507Kb free=4312Kb
 bounds [0x000001b0d1750000, 0x000001b0d19c0000, 0x000001b0d1cf0000]
CodeCache: size=245760Kb, used=31644Kb, max_used=31704Kb, free=214113Kb
 total_blobs=10292, nmethods=9522, adapters=675, full_count=0
Compilation: enabled, stopped_count=0, restarted_count=0

Compilation events (20 events):
Event: 8431.815 Thread 0x000001b0dda88e90 10383       1       org.eclipse.core.internal.jobs.InternalJob::setProgressMonitor (6 bytes)
Event: 8431.815 Thread 0x000001b0dda88e90 nmethod 10383 0x000001b0d248fc10 code [0x000001b0d248fda0, 0x000001b0d248fe88]
Event: 9331.859 Thread 0x000001b0dda88e90 10384   !   3       java.security.SecureRandom::nextBytes (46 bytes)
Event: 9331.866 Thread 0x000001b0dda88e90 nmethod 10384 0x000001b0cb7f7390 code [0x000001b0cb7f75a0, 0x000001b0cb7f7ab0]
Event: 9331.866 Thread 0x000001b0dda88e90 10385       3       sun.security.provider.DRBG::engineNextBytes (9 bytes)
Event: 9331.866 Thread 0x000001b0dda88e90 nmethod 10385 0x000001b0cb7f7d90 code [0x000001b0cb7f7f40, 0x000001b0cb7f8080]
Event: 9331.866 Thread 0x000001b0dda88e90 10386       1       org.eclipse.core.internal.jobs.InternalJob::getName (5 bytes)
Event: 9331.866 Thread 0x000001b0dda88e90 nmethod 10386 0x000001b0d248ff10 code [0x000001b0d24900a0, 0x000001b0d2490168]
Event: 9582.059 Thread 0x000001b0dda88e90 10387       3       java.lang.ClassLoader::getBuiltinPlatformClassLoader (4 bytes)
Event: 9582.059 Thread 0x000001b0dda88e90 nmethod 10387 0x000001b0cb7f8190 code [0x000001b0cb7f8340, 0x000001b0cb7f8490]
Event: 9608.195 Thread 0x000001b0dda19110 10388       4       java.util.concurrent.ThreadPoolExecutor::afterExecute (1 bytes)
Event: 9608.195 Thread 0x000001b0dda19110 nmethod 10388 0x000001b0d2490210 code [0x000001b0d24903a0, 0x000001b0d2490428]
Event: 9702.083 Thread 0x000001b0dda88e90 10389       3       java.lang.ClassLoader::getPlatformClassLoader (21 bytes)
Event: 9702.083 Thread 0x000001b0dda88e90 nmethod 10389 0x000001b0cb7f8510 code [0x000001b0cb7f86e0, 0x000001b0cb7f8970]
Event: 9845.779 Thread 0x000001b0dda88e90 10390       3       java.util.UUID::randomUUID (63 bytes)
Event: 9845.783 Thread 0x000001b0dda88e90 nmethod 10390 0x000001b0cb7f8a90 code [0x000001b0cb7f8c60, 0x000001b0cb7f8f18]
Event: 9845.786 Thread 0x000001b0dda88e90 10391       3       java.net.URI::needsNormalization (184 bytes)
Event: 9845.788 Thread 0x000001b0dda88e90 nmethod 10391 0x000001b0cb7f9010 code [0x000001b0cb7f94a0, 0x000001b0cb7fbc78]
Event: 9845.789 Thread 0x000001b0dda88e90 10392       3       org.eclipse.core.internal.filesystem.FileStoreUtil::comparePathSegments (34 bytes)
Event: 9845.790 Thread 0x000001b0dda88e90 nmethod 10392 0x000001b0cb7fcb90 code [0x000001b0cb7fcd60, 0x000001b0cb7fcf60]

GC Heap History (20 events):
Event: 120.395 GC heap before
{Heap before GC invocations=337 (full 3):
 PSYoungGen      total 3584K, used 3329K [0x00000000d5580000, 0x00000000d5d00000, 0x0000000100000000)
  eden space 3072K, 98% used [0x00000000d5580000,0x00000000d5878510,0x00000000d5880000)
  from space 512K, 56% used [0x00000000d5c00000,0x00000000d5c48020,0x00000000d5c80000)
  to   space 512K, 0% used [0x00000000d5c80000,0x00000000d5c80000,0x00000000d5d00000)
 ParOldGen       total 514048K, used 513973K [0x0000000080000000, 0x000000009f600000, 0x00000000d5580000)
  object space 514048K, 99% used [0x0000000080000000,0x000000009f5ed580,0x000000009f600000)
 Metaspace       used 63858K, committed 65216K, reserved 1114112K
  class space    used 6756K, committed 7296K, reserved 1048576K
}
Event: 120.396 GC heap after
{Heap after GC invocations=337 (full 3):
 PSYoungGen      total 3584K, used 162K [0x00000000d5580000, 0x00000000d5d00000, 0x0000000100000000)
  eden space 3072K, 0% used [0x00000000d5580000,0x00000000d5580000,0x00000000d5880000)
  from space 512K, 31% used [0x00000000d5c80000,0x00000000d5ca8be8,0x00000000d5d00000)
  to   space 512K, 0% used [0x00000000d5c00000,0x00000000d5c00000,0x00000000d5c80000)
 ParOldGen       total 514048K, used 514005K [0x0000000080000000, 0x000000009f600000, 0x00000000d5580000)
  object space 514048K, 99% used [0x0000000080000000,0x000000009f5f5580,0x000000009f600000)
 Metaspace       used 63858K, committed 65216K, reserved 1114112K
  class space    used 6756K, committed 7296K, reserved 1048576K
}
Event: 120.633 GC heap before
{Heap before GC invocations=338 (full 3):
 PSYoungGen      total 3584K, used 3216K [0x00000000d5580000, 0x00000000d5d00000, 0x0000000100000000)
  eden space 3072K, 99% used [0x00000000d5580000,0x00000000d587b658,0x00000000d5880000)
  from space 512K, 31% used [0x00000000d5c80000,0x00000000d5ca8be8,0x00000000d5d00000)
  to   space 512K, 0% used [0x00000000d5c00000,0x00000000d5c00000,0x00000000d5c80000)
 ParOldGen       total 514048K, used 514005K [0x0000000080000000, 0x000000009f600000, 0x00000000d5580000)
  object space 514048K, 99% used [0x0000000080000000,0x000000009f5f5580,0x000000009f600000)
 Metaspace       used 64195K, committed 65664K, reserved 1114112K
  class space    used 6788K, committed 7360K, reserved 1048576K
}
Event: 120.637 GC heap after
{Heap after GC invocations=338 (full 3):
 PSYoungGen      total 3584K, used 384K [0x00000000d5580000, 0x00000000d5d00000, 0x0000000100000000)
  eden space 3072K, 0% used [0x00000000d5580000,0x00000000d5580000,0x00000000d5880000)
  from space 512K, 75% used [0x00000000d5c00000,0x00000000d5c60000,0x00000000d5c80000)
  to   space 512K, 0% used [0x00000000d5c80000,0x00000000d5c80000,0x00000000d5d00000)
 ParOldGen       total 514048K, used 514045K [0x0000000080000000, 0x000000009f600000, 0x00000000d5580000)
  object space 514048K, 99% used [0x0000000080000000,0x000000009f5ff580,0x000000009f600000)
 Metaspace       used 64195K, committed 65664K, reserved 1114112K
  class space    used 6788K, committed 7360K, reserved 1048576K
}
Event: 120.791 GC heap before
{Heap before GC invocations=339 (full 3):
 PSYoungGen      total 3584K, used 3456K [0x00000000d5580000, 0x00000000d5d00000, 0x0000000100000000)
  eden space 3072K, 100% used [0x00000000d5580000,0x00000000d5880000,0x00000000d5880000)
  from space 512K, 75% used [0x00000000d5c00000,0x00000000d5c60000,0x00000000d5c80000)
  to   space 512K, 0% used [0x00000000d5c80000,0x00000000d5c80000,0x00000000d5d00000)
 ParOldGen       total 514048K, used 514045K [0x0000000080000000, 0x000000009f600000, 0x00000000d5580000)
  object space 514048K, 99% used [0x0000000080000000,0x000000009f5ff580,0x000000009f600000)
 Metaspace       used 64475K, committed 65856K, reserved 1114112K
  class space    used 6834K, committed 7360K, reserved 1048576K
}
Event: 120.799 GC heap after
{Heap after GC invocations=339 (full 3):
 PSYoungGen      total 3584K, used 288K [0x00000000d5580000, 0x00000000d5d00000, 0x0000000100000000)
  eden space 3072K, 0% used [0x00000000d5580000,0x00000000d5580000,0x00000000d5880000)
  from space 512K, 56% used [0x00000000d5c80000,0x00000000d5cc8000,0x00000000d5d00000)
  to   space 512K, 0% used [0x00000000d5c00000,0x00000000d5c00000,0x00000000d5c80000)
 ParOldGen       total 514560K, used 514325K [0x0000000080000000, 0x000000009f680000, 0x00000000d5580000)
  object space 514560K, 99% used [0x0000000080000000,0x000000009f645580,0x000000009f680000)
 Metaspace       used 64475K, committed 65856K, reserved 1114112K
  class space    used 6834K, committed 7360K, reserved 1048576K
}
Event: 3673.943 GC heap before
{Heap before GC invocations=340 (full 3):
 PSYoungGen      total 3584K, used 3349K [0x00000000d5580000, 0x00000000d5d00000, 0x0000000100000000)
  eden space 3072K, 99% used [0x00000000d5580000,0x00000000d587d690,0x00000000d5880000)
  from space 512K, 56% used [0x00000000d5c80000,0x00000000d5cc8000,0x00000000d5d00000)
  to   space 512K, 0% used [0x00000000d5c00000,0x00000000d5c00000,0x00000000d5c80000)
 ParOldGen       total 514560K, used 514325K [0x0000000080000000, 0x000000009f680000, 0x00000000d5580000)
  object space 514560K, 99% used [0x0000000080000000,0x000000009f645580,0x000000009f680000)
 Metaspace       used 64887K, committed 66304K, reserved 1114112K
  class space    used 6880K, committed 7424K, reserved 1048576K
}
Event: 3674.196 GC heap after
{Heap after GC invocations=340 (full 3):
 PSYoungGen      total 3584K, used 192K [0x00000000d5580000, 0x00000000d5d00000, 0x0000000100000000)
  eden space 3072K, 0% used [0x00000000d5580000,0x00000000d5580000,0x00000000d5880000)
  from space 512K, 37% used [0x00000000d5c00000,0x00000000d5c30000,0x00000000d5c80000)
  to   space 512K, 0% used [0x00000000d5c80000,0x00000000d5c80000,0x00000000d5d00000)
 ParOldGen       total 514560K, used 514525K [0x0000000080000000, 0x000000009f680000, 0x00000000d5580000)
  object space 514560K, 99% used [0x0000000080000000,0x000000009f677580,0x000000009f680000)
 Metaspace       used 64887K, committed 66304K, reserved 1114112K
  class space    used 6880K, committed 7424K, reserved 1048576K
}
Event: 3674.660 GC heap before
{Heap before GC invocations=341 (full 3):
 PSYoungGen      total 3584K, used 3264K [0x00000000d5580000, 0x00000000d5d00000, 0x0000000100000000)
  eden space 3072K, 100% used [0x00000000d5580000,0x00000000d5880000,0x00000000d5880000)
  from space 512K, 37% used [0x00000000d5c00000,0x00000000d5c30000,0x00000000d5c80000)
  to   space 512K, 0% used [0x00000000d5c80000,0x00000000d5c80000,0x00000000d5d00000)
 ParOldGen       total 514560K, used 514525K [0x0000000080000000, 0x000000009f680000, 0x00000000d5580000)
  object space 514560K, 99% used [0x0000000080000000,0x000000009f677580,0x000000009f680000)
 Metaspace       used 65242K, committed 66752K, reserved 1114112K
  class space    used 6918K, committed 7552K, reserved 1048576K
}
Event: 3674.665 GC heap after
{Heap after GC invocations=341 (full 3):
 PSYoungGen      total 3584K, used 224K [0x00000000d5580000, 0x00000000d5d00000, 0x0000000100000000)
  eden space 3072K, 0% used [0x00000000d5580000,0x00000000d5580000,0x00000000d5880000)
  from space 512K, 43% used [0x00000000d5c80000,0x00000000d5cb8020,0x00000000d5d00000)
  to   space 512K, 0% used [0x00000000d5c00000,0x00000000d5c00000,0x00000000d5c80000)
 ParOldGen       total 515072K, used 514637K [0x0000000080000000, 0x000000009f700000, 0x00000000d5580000)
  object space 515072K, 99% used [0x0000000080000000,0x000000009f693580,0x000000009f700000)
 Metaspace       used 65242K, committed 66752K, reserved 1114112K
  class space    used 6918K, committed 7552K, reserved 1048576K
}
Event: 3675.212 GC heap before
{Heap before GC invocations=342 (full 3):
 PSYoungGen      total 3584K, used 3296K [0x00000000d5580000, 0x00000000d5d00000, 0x0000000100000000)
  eden space 3072K, 100% used [0x00000000d5580000,0x00000000d5880000,0x00000000d5880000)
  from space 512K, 43% used [0x00000000d5c80000,0x00000000d5cb8020,0x00000000d5d00000)
  to   space 512K, 0% used [0x00000000d5c00000,0x00000000d5c00000,0x00000000d5c80000)
 ParOldGen       total 515072K, used 514637K [0x0000000080000000, 0x000000009f700000, 0x00000000d5580000)
  object space 515072K, 99% used [0x0000000080000000,0x000000009f693580,0x000000009f700000)
 Metaspace       used 65455K, committed 66944K, reserved 1114112K
  class space    used 6949K, committed 7552K, reserved 1048576K
}
Event: 3675.219 GC heap after
{Heap after GC invocations=342 (full 3):
 PSYoungGen      total 3584K, used 512K [0x00000000d5580000, 0x00000000d5d00000, 0x0000000100000000)
  eden space 3072K, 0% used [0x00000000d5580000,0x00000000d5580000,0x00000000d5880000)
  from space 512K, 100% used [0x00000000d5c00000,0x00000000d5c80000,0x00000000d5c80000)
  to   space 512K, 0% used [0x00000000d5c80000,0x00000000d5c80000,0x00000000d5d00000)
 ParOldGen       total 515584K, used 515098K [0x0000000080000000, 0x000000009f780000, 0x00000000d5580000)
  object space 515584K, 99% used [0x0000000080000000,0x000000009f706a20,0x000000009f780000)
 Metaspace       used 65455K, committed 66944K, reserved 1114112K
  class space    used 6949K, committed 7552K, reserved 1048576K
}
Event: 3675.425 GC heap before
{Heap before GC invocations=343 (full 3):
 PSYoungGen      total 3584K, used 3584K [0x00000000d5580000, 0x00000000d5d00000, 0x0000000100000000)
  eden space 3072K, 100% used [0x00000000d5580000,0x00000000d5880000,0x00000000d5880000)
  from space 512K, 100% used [0x00000000d5c00000,0x00000000d5c80000,0x00000000d5c80000)
  to   space 512K, 0% used [0x00000000d5c80000,0x00000000d5c80000,0x00000000d5d00000)
 ParOldGen       total 515584K, used 515098K [0x0000000080000000, 0x000000009f780000, 0x00000000d5580000)
  object space 515584K, 99% used [0x0000000080000000,0x000000009f706a20,0x000000009f780000)
 Metaspace       used 65595K, committed 67072K, reserved 1114112K
  class space    used 6962K, committed 7616K, reserved 1048576K
}
Event: 3675.435 GC heap after
{Heap after GC invocations=343 (full 3):
 PSYoungGen      total 3584K, used 320K [0x00000000d5580000, 0x00000000d5d00000, 0x0000000100000000)
  eden space 3072K, 0% used [0x00000000d5580000,0x00000000d5580000,0x00000000d5880000)
  from space 512K, 62% used [0x00000000d5c80000,0x00000000d5cd0000,0x00000000d5d00000)
  to   space 1024K, 0% used [0x00000000d5b00000,0x00000000d5b00000,0x00000000d5c00000)
 ParOldGen       total 516096K, used 515602K [0x0000000080000000, 0x000000009f800000, 0x00000000d5580000)
  object space 516096K, 99% used [0x0000000080000000,0x000000009f784a30,0x000000009f800000)
 Metaspace       used 65595K, committed 67072K, reserved 1114112K
  class space    used 6962K, committed 7616K, reserved 1048576K
}
Event: 3675.581 GC heap before
{Heap before GC invocations=344 (full 3):
 PSYoungGen      total 3584K, used 3392K [0x00000000d5580000, 0x00000000d5d00000, 0x0000000100000000)
  eden space 3072K, 100% used [0x00000000d5580000,0x00000000d5880000,0x00000000d5880000)
  from space 512K, 62% used [0x00000000d5c80000,0x00000000d5cd0000,0x00000000d5d00000)
  to   space 1024K, 0% used [0x00000000d5b00000,0x00000000d5b00000,0x00000000d5c00000)
 ParOldGen       total 516096K, used 515602K [0x0000000080000000, 0x000000009f800000, 0x00000000d5580000)
  object space 516096K, 99% used [0x0000000080000000,0x000000009f784a30,0x000000009f800000)
 Metaspace       used 65849K, committed 67392K, reserved 1114112K
  class space    used 6975K, committed 7616K, reserved 1048576K
}
Event: 3675.588 GC heap after
{Heap after GC invocations=344 (full 3):
 PSYoungGen      total 4096K, used 576K [0x00000000d5580000, 0x00000000d5d00000, 0x0000000100000000)
  eden space 3072K, 0% used [0x00000000d5580000,0x00000000d5580000,0x00000000d5880000)
  from space 1024K, 56% used [0x00000000d5b00000,0x00000000d5b90000,0x00000000d5c00000)
  to   space 1024K, 0% used [0x00000000d5c00000,0x00000000d5c00000,0x00000000d5d00000)
 ParOldGen       total 516096K, used 515874K [0x0000000080000000, 0x000000009f800000, 0x00000000d5580000)
  object space 516096K, 99% used [0x0000000080000000,0x000000009f7c8a30,0x000000009f800000)
 Metaspace       used 65849K, committed 67392K, reserved 1114112K
  class space    used 6975K, committed 7616K, reserved 1048576K
}
Event: 3678.962 GC heap before
{Heap before GC invocations=345 (full 3):
 PSYoungGen      total 4096K, used 3648K [0x00000000d5580000, 0x00000000d5d00000, 0x0000000100000000)
  eden space 3072K, 100% used [0x00000000d5580000,0x00000000d5880000,0x00000000d5880000)
  from space 1024K, 56% used [0x00000000d5b00000,0x00000000d5b90000,0x00000000d5c00000)
  to   space 1024K, 0% used [0x00000000d5c00000,0x00000000d5c00000,0x00000000d5d00000)
 ParOldGen       total 516096K, used 515874K [0x0000000080000000, 0x000000009f800000, 0x00000000d5580000)
  object space 516096K, 99% used [0x0000000080000000,0x000000009f7c8a30,0x000000009f800000)
 Metaspace       used 65979K, committed 67520K, reserved 1114112K
  class space    used 6978K, committed 7616K, reserved 1048576K
}
Event: 3678.967 GC heap after
{Heap after GC invocations=345 (full 3):
 PSYoungGen      total 4096K, used 592K [0x00000000d5580000, 0x00000000d5d00000, 0x0000000100000000)
  eden space 3072K, 0% used [0x00000000d5580000,0x00000000d5580000,0x00000000d5880000)
  from space 1024K, 57% used [0x00000000d5c00000,0x00000000d5c94010,0x00000000d5d00000)
  to   space 1024K, 0% used [0x00000000d5b00000,0x00000000d5b00000,0x00000000d5c00000)
 ParOldGen       total 516608K, used 516326K [0x0000000080000000, 0x000000009f880000, 0x00000000d5580000)
  object space 516608K, 99% used [0x0000000080000000,0x000000009f839a40,0x000000009f880000)
 Metaspace       used 65979K, committed 67520K, reserved 1114112K
  class space    used 6978K, committed 7616K, reserved 1048576K
}
Event: 7385.457 GC heap before
{Heap before GC invocations=346 (full 3):
 PSYoungGen      total 4096K, used 3664K [0x00000000d5580000, 0x00000000d5d00000, 0x0000000100000000)
  eden space 3072K, 100% used [0x00000000d5580000,0x00000000d5880000,0x00000000d5880000)
  from space 1024K, 57% used [0x00000000d5c00000,0x00000000d5c94010,0x00000000d5d00000)
  to   space 1024K, 0% used [0x00000000d5b00000,0x00000000d5b00000,0x00000000d5c00000)
 ParOldGen       total 516608K, used 516326K [0x0000000080000000, 0x000000009f880000, 0x00000000d5580000)
  object space 516608K, 99% used [0x0000000080000000,0x000000009f839a40,0x000000009f880000)
 Metaspace       used 66237K, committed 67840K, reserved 1114112K
  class space    used 6985K, committed 7616K, reserved 1048576K
}
Event: 7385.912 GC heap after
{Heap after GC invocations=346 (full 3):
 PSYoungGen      total 3584K, used 491K [0x00000000d5580000, 0x00000000d5c80000, 0x0000000100000000)
  eden space 3072K, 0% used [0x00000000d5580000,0x00000000d5580000,0x00000000d5880000)
  from space 512K, 95% used [0x00000000d5b00000,0x00000000d5b7aca8,0x00000000d5b80000)
  to   space 1024K, 0% used [0x00000000d5b80000,0x00000000d5b80000,0x00000000d5c80000)
 ParOldGen       total 516608K, used 516430K [0x0000000080000000, 0x000000009f880000, 0x00000000d5580000)
  object space 516608K, 99% used [0x0000000080000000,0x000000009f853a40,0x000000009f880000)
 Metaspace       used 66237K, committed 67840K, reserved 1114112K
  class space    used 6985K, committed 7616K, reserved 1048576K
}

Dll operation events (11 events):
Event: 0.016 Loaded shared library c:\Users\Gurvindar\.vscode\extensions\redhat.java-1.44.0-win32-x64\jre\21.0.8-win32-x86_64\bin\java.dll
Event: 0.167 Loaded shared library c:\Users\Gurvindar\.vscode\extensions\redhat.java-1.44.0-win32-x64\jre\21.0.8-win32-x86_64\bin\zip.dll
Event: 0.192 Loaded shared library C:\Users\Gurvindar\.vscode\extensions\redhat.java-1.44.0-win32-x64\jre\21.0.8-win32-x86_64\bin\instrument.dll
Event: 0.198 Loaded shared library C:\Users\Gurvindar\.vscode\extensions\redhat.java-1.44.0-win32-x64\jre\21.0.8-win32-x86_64\bin\net.dll
Event: 0.204 Loaded shared library C:\Users\Gurvindar\.vscode\extensions\redhat.java-1.44.0-win32-x64\jre\21.0.8-win32-x86_64\bin\nio.dll
Event: 0.215 Loaded shared library C:\Users\Gurvindar\.vscode\extensions\redhat.java-1.44.0-win32-x64\jre\21.0.8-win32-x86_64\bin\zip.dll
Event: 0.251 Loaded shared library C:\Users\Gurvindar\.vscode\extensions\redhat.java-1.44.0-win32-x64\jre\21.0.8-win32-x86_64\bin\jimage.dll
Event: 0.390 Loaded shared library c:\Users\Gurvindar\.vscode\extensions\redhat.java-1.44.0-win32-x64\jre\21.0.8-win32-x86_64\bin\verify.dll
Event: 9.966 Loaded shared library C:\Users\Gurvindar\AppData\Roaming\Code\User\globalStorage\redhat.java\1.44.0\config_win\org.eclipse.equinox.launcher\org.eclipse.equinox.launcher.win32.win32.x86_64_1.2.1400.v20250730-1736\eclipse_11913.dll
Event: 30.957 Loaded shared library C:\Users\Gurvindar\AppData\Local\Temp\jna--155078722\jna9806144499987480483.dll
Event: 110.909 Loaded shared library C:\Users\Gurvindar\.vscode\extensions\redhat.java-1.44.0-win32-x64\jre\21.0.8-win32-x86_64\bin\sunmscapi.dll

Deoptimization events (20 events):
Event: 3677.752 Thread 0x000001b0e35d4800 DEOPT PACKING pc=0x000001b0d2369b44 sp=0x000000832e6fe9f0
Event: 3677.752 Thread 0x000001b0e35d4800 DEOPT UNPACKING pc=0x000001b0d17a3aa2 sp=0x000000832e6fe998 mode 2
Event: 3678.921 Thread 0x000001b0e35d4800 DEOPT PACKING pc=0x000001b0cab99d84 sp=0x000000832e6fe610
Event: 3678.921 Thread 0x000001b0e35d4800 DEOPT UNPACKING pc=0x000001b0d17a4242 sp=0x000000832e6fdac8 mode 0
Event: 3679.010 Thread 0x000001b0e35d4800 Uncommon trap: trap_request=0xffffffde fr.pc=0x000001b0d23f8118 relative=0x0000000000000078
Event: 3679.010 Thread 0x000001b0e35d4800 Uncommon trap: reason=class_check action=maybe_recompile pc=0x000001b0d23f8118 method=java.util.LinkedHashMap.afterNodeInsertion(Z)V @ 15 c2
Event: 3679.010 Thread 0x000001b0e35d4800 DEOPT PACKING pc=0x000001b0d23f8118 sp=0x000000832e6feb00
Event: 3679.010 Thread 0x000001b0e35d4800 DEOPT UNPACKING pc=0x000001b0d17a3aa2 sp=0x000000832e6fea78 mode 2
Event: 3682.923 Thread 0x000001b0e35d4800 Uncommon trap: trap_request=0xffffff45 fr.pc=0x000001b0d22e4f8c relative=0x000000000000006c
Event: 3682.923 Thread 0x000001b0e35d4800 Uncommon trap: reason=unstable_if action=reinterpret pc=0x000001b0d22e4f8c method=java.util.Optional.ifPresent(Ljava/util/function/Consumer;)V @ 4 c2
Event: 3682.923 Thread 0x000001b0e35d4800 DEOPT PACKING pc=0x000001b0d22e4f8c sp=0x000000832e6fd990
Event: 3682.924 Thread 0x000001b0e35d4800 DEOPT UNPACKING pc=0x000001b0d17a3aa2 sp=0x000000832e6fd930 mode 2
Event: 3682.926 Thread 0x000001b0e35d4800 Uncommon trap: trap_request=0xffffff45 fr.pc=0x000001b0d1e91f48 relative=0x0000000000000388
Event: 3682.926 Thread 0x000001b0e35d4800 Uncommon trap: reason=unstable_if action=reinterpret pc=0x000001b0d1e91f48 method=java.io.BufferedOutputStream.implWrite([BII)V @ 5 c2
Event: 3682.926 Thread 0x000001b0e35d4800 DEOPT PACKING pc=0x000001b0d1e91f48 sp=0x000000832e6fd740
Event: 3682.926 Thread 0x000001b0e35d4800 DEOPT UNPACKING pc=0x000001b0d17a3aa2 sp=0x000000832e6fd690 mode 2
Event: 7386.373 Thread 0x000001b0e35d20a0 Uncommon trap: trap_request=0xffffffde fr.pc=0x000001b0d23f8118 relative=0x0000000000000078
Event: 7386.373 Thread 0x000001b0e35d20a0 Uncommon trap: reason=class_check action=maybe_recompile pc=0x000001b0d23f8118 method=java.util.LinkedHashMap.afterNodeInsertion(Z)V @ 15 c2
Event: 7386.374 Thread 0x000001b0e35d20a0 DEOPT PACKING pc=0x000001b0d23f8118 sp=0x000000832fffea50
Event: 7386.375 Thread 0x000001b0e35d20a0 DEOPT UNPACKING pc=0x000001b0d17a3aa2 sp=0x000000832fffe9c8 mode 2

Classes loaded (20 events):
Event: 120.202 Loading class jdk/internal/ref/CleanerImpl$InnocuousThreadFactory
Event: 120.202 Loading class jdk/internal/ref/CleanerImpl$InnocuousThreadFactory done
Event: 345.967 Loading class java/util/stream/Nodes$CollectorTask$OfRef
Event: 345.994 Loading class java/util/stream/Nodes$CollectorTask
Event: 346.021 Loading class java/util/stream/Nodes$CollectorTask done
Event: 346.021 Loading class java/util/stream/Nodes$CollectorTask$OfRef done
Event: 346.027 Loading class java/util/function/LongFunction
Event: 346.032 Loading class java/util/function/LongFunction done
Event: 346.040 Loading class java/util/stream/Nodes$ConcNode
Event: 346.048 Loading class java/util/stream/Nodes$AbstractConcNode
Event: 346.057 Loading class java/util/stream/Nodes$AbstractConcNode done
Event: 346.058 Loading class java/util/stream/Nodes$ConcNode done
Event: 346.322 Loading class java/io/ObjectOutputStream$BlockDataOutputStream
Event: 346.332 Loading class java/io/ObjectOutputStream$BlockDataOutputStream done
Event: 346.334 Loading class java/io/ObjectOutputStream$HandleTable
Event: 346.338 Loading class java/io/ObjectOutputStream$HandleTable done
Event: 346.340 Loading class java/io/ObjectOutputStream$ReplaceTable
Event: 346.343 Loading class java/io/ObjectOutputStream$ReplaceTable done
Event: 3675.121 Loading class java/nio/file/Files$2
Event: 3675.122 Loading class java/nio/file/Files$2 done

Classes unloaded (9 events):
Event: 35.061 Thread 0x000001b0c70d18a0 Unloading class 0x000001b0811ab000 'java/lang/invoke/LambdaForm$MH+0x000001b0811ab000'
Event: 35.061 Thread 0x000001b0c70d18a0 Unloading class 0x000001b0811aac00 'java/lang/invoke/LambdaForm$MH+0x000001b0811aac00'
Event: 35.061 Thread 0x000001b0c70d18a0 Unloading class 0x000001b0811aa800 'java/lang/invoke/LambdaForm$MH+0x000001b0811aa800'
Event: 35.061 Thread 0x000001b0c70d18a0 Unloading class 0x000001b0811aa400 'java/lang/invoke/LambdaForm$MH+0x000001b0811aa400'
Event: 35.061 Thread 0x000001b0c70d18a0 Unloading class 0x000001b0811aa000 'java/lang/invoke/LambdaForm$BMH+0x000001b0811aa000'
Event: 35.061 Thread 0x000001b0c70d18a0 Unloading class 0x000001b0811a9c00 'java/lang/invoke/LambdaForm$DMH+0x000001b0811a9c00'
Event: 35.061 Thread 0x000001b0c70d18a0 Unloading class 0x000001b0811a8800 'java/lang/invoke/LambdaForm$DMH+0x000001b0811a8800'
Event: 38.795 Thread 0x000001b0c70d18a0 Unloading class 0x000001b0812e7000 'java/lang/invoke/LambdaForm$MH+0x000001b0812e7000'
Event: 38.795 Thread 0x000001b0c70d18a0 Unloading class 0x000001b0812e6400 'java/lang/invoke/LambdaForm$MH+0x000001b0812e6400'

Classes redefined (0 events):
No events

Internal exceptions (20 events):
Event: 59.922 Thread 0x000001b0e35d6240 Exception <a 'java/lang/IncompatibleClassChangeError'{0x00000000d5991650}: Found class java.lang.Object, but interface was expected> (0x00000000d5991650) 
thrown [s\src\hotspot\share\interpreter\linkResolver.cpp, line 840]
Event: 95.836 Thread 0x000001b0e35d3ae0 Exception <a 'sun/nio/fs/WindowsException'{0x00000000d5600150}> (0x00000000d5600150) 
thrown [s\src\hotspot\share\prims\jni.cpp, line 520]
Event: 106.477 Thread 0x000001b0e35d3ae0 Exception <a 'sun/nio/fs/WindowsException'{0x00000000d56a97b8}> (0x00000000d56a97b8) 
thrown [s\src\hotspot\share\prims\jni.cpp, line 520]
Event: 107.735 Thread 0x000001b0e35d6240 Exception <a 'java/lang/IncompatibleClassChangeError'{0x00000000d57511e0}: Found class java.lang.Object, but interface was expected> (0x00000000d57511e0) 
thrown [s\src\hotspot\share\interpreter\linkResolver.cpp, line 840]
Event: 111.486 Thread 0x000001b0e35d1380 Implicit null exception at 0x000001b0d220cbda to 0x000001b0d220cc33
Event: 112.647 Thread 0x000001b0e35d68d0 Exception <a 'sun/nio/fs/WindowsException'{0x00000000d57ad2e0}> (0x00000000d57ad2e0) 
thrown [s\src\hotspot\share\prims\jni.cpp, line 520]
Event: 112.647 Thread 0x000001b0e35d68d0 Exception <a 'sun/nio/fs/WindowsException'{0x00000000d57be700}> (0x00000000d57be700) 
thrown [s\src\hotspot\share\prims\jni.cpp, line 520]
Event: 112.655 Thread 0x000001b0e35d68d0 Exception <a 'sun/nio/fs/WindowsException'{0x00000000d57bf870}> (0x00000000d57bf870) 
thrown [s\src\hotspot\share\prims\jni.cpp, line 520]
Event: 112.655 Thread 0x000001b0e35d68d0 Exception <a 'sun/nio/fs/WindowsException'{0x00000000d57c59f8}> (0x00000000d57c59f8) 
thrown [s\src\hotspot\share\prims\jni.cpp, line 520]
Event: 112.683 Thread 0x000001b0e35d68d0 Exception <a 'sun/nio/fs/WindowsException'{0x00000000d57cc8c8}> (0x00000000d57cc8c8) 
thrown [s\src\hotspot\share\prims\jni.cpp, line 520]
Event: 112.683 Thread 0x000001b0e35d68d0 Exception <a 'sun/nio/fs/WindowsException'{0x00000000d57e0018}> (0x00000000d57e0018) 
thrown [s\src\hotspot\share\prims\jni.cpp, line 520]
Event: 112.767 Thread 0x000001b0e35d1a10 Exception <a 'sun/nio/fs/WindowsException'{0x00000000d5592068}> (0x00000000d5592068) 
thrown [s\src\hotspot\share\prims\jni.cpp, line 520]
Event: 118.617 Thread 0x000001b0e35d1380 Implicit null exception at 0x000001b0d2377ee5 to 0x000001b0d237a878
Event: 346.487 Thread 0x000001b0e35d4170 Exception <a 'java/lang/NoSuchMethodError'{0x00000000d56f8880}: 'java.lang.Object java.lang.invoke.DirectMethodHandle$Holder.newInvokeSpecial(java.lang.Object, java.lang.Object, java.lang.Object, java.lang.Object, java.lang.Object, java.lang.Object, java.lang.Object, java.lang.Object)'> (0x00000000d56f8880) 
thrown [s\src\hotspot\share\interpreter\linkResolver.cpp, line 773]
Event: 3608.762 Thread 0x000001b0e35d6240 Exception <a 'java/lang/IncompatibleClassChangeError'{0x00000000d5754700}: Found class java.lang.Object, but interface was expected> (0x00000000d5754700) 
thrown [s\src\hotspot\share\interpreter\linkResolver.cpp, line 840]
Event: 3673.758 Thread 0x000001b0e35d4800 Exception <a 'java/lang/NoSuchMethodError'{0x00000000d580c430}: 'java.lang.Object java.lang.invoke.DirectMethodHandle$Holder.invokeStaticInit(java.lang.Object, java.lang.Object, java.lang.Object)'> (0x00000000d580c430) 
thrown [s\src\hotspot\share\interpreter\linkResolver.cpp, line 773]
Event: 3673.778 Thread 0x000001b0e35d6240 Exception <a 'java/lang/IncompatibleClassChangeError'{0x00000000d5819108}: Found class java.lang.Object, but interface was expected> (0x00000000d5819108) 
thrown [s\src\hotspot\share\interpreter\linkResolver.cpp, line 840]
Event: 3673.938 Thread 0x000001b0e35d68d0 Exception <a 'java/lang/NoSuchMethodError'{0x00000000d58710a8}: 'java.lang.Object java.lang.invoke.DirectMethodHandle$Holder.invokeSpecial(java.lang.Object, java.lang.Object, java.lang.Object, java.lang.Object, int, java.lang.Object, java.lang.Object)'> (0x00000000d58710a8) 
thrown [s\src\hotspot\share\interpreter\linkResolver.cpp, line 773]
Event: 3677.739 Thread 0x000001b0e35d6240 Exception <a 'java/lang/IncompatibleClassChangeError'{0x00000000d561abf0}: Found class java.lang.Object, but interface was expected> (0x00000000d561abf0) 
thrown [s\src\hotspot\share\interpreter\linkResolver.cpp, line 840]
Event: 3677.753 Thread 0x000001b0e35d4800 Exception <a 'java/lang/ArrayIndexOutOfBoundsException'{0x00000000d5641fe0}: Index 1526 out of bounds for length 1525> (0x00000000d5641fe0) 
thrown [s\src\hotspot\share\interpreter\interpreterRuntime.cpp, line 439]

ZGC Phase Switch (0 events):
No events

VM Operations (20 events):
Event: 9561.406 Executing VM operation: HandshakeAllThreads (HandshakeForDeflation)
Event: 9561.406 Executing VM operation: HandshakeAllThreads (HandshakeForDeflation) done
Event: 9561.406 Executing VM operation: RendezvousGCThreads
Event: 9561.406 Executing VM operation: RendezvousGCThreads done
Event: 9741.777 Executing VM operation: HandshakeAllThreads (HandshakeForDeflation)
Event: 9741.777 Executing VM operation: HandshakeAllThreads (HandshakeForDeflation) done
Event: 9741.777 Executing VM operation: RendezvousGCThreads
Event: 9741.777 Executing VM operation: RendezvousGCThreads done
Event: 9922.331 Executing VM operation: HandshakeAllThreads (HandshakeForDeflation)
Event: 9922.331 Executing VM operation: HandshakeAllThreads (HandshakeForDeflation) done
Event: 9922.331 Executing VM operation: RendezvousGCThreads
Event: 9922.331 Executing VM operation: RendezvousGCThreads done
Event: 9982.368 Executing VM operation: HandshakeAllThreads (HandshakeForDeflation)
Event: 9982.368 Executing VM operation: HandshakeAllThreads (HandshakeForDeflation) done
Event: 9982.368 Executing VM operation: RendezvousGCThreads
Event: 9982.368 Executing VM operation: RendezvousGCThreads done
Event: 10042.481 Executing VM operation: HandshakeAllThreads (HandshakeForDeflation)
Event: 10042.481 Executing VM operation: HandshakeAllThreads (HandshakeForDeflation) done
Event: 10042.481 Executing VM operation: RendezvousGCThreads
Event: 10042.481 Executing VM operation: RendezvousGCThreads done

Memory protections (0 events):
No events

Nmethod flushes (20 events):
Event: 59.225 Thread 0x000001b0c70d18a0 flushing  nmethod 0x000001b0cab85e10
Event: 59.225 Thread 0x000001b0c70d18a0 flushing  nmethod 0x000001b0cab86e10
Event: 59.225 Thread 0x000001b0c70d18a0 flushing  nmethod 0x000001b0cab90510
Event: 59.225 Thread 0x000001b0c70d18a0 flushing  nmethod 0x000001b0cab90990
Event: 59.225 Thread 0x000001b0c70d18a0 flushing  nmethod 0x000001b0cab96e90
Event: 59.225 Thread 0x000001b0c70d18a0 flushing  nmethod 0x000001b0cab97410
Event: 59.225 Thread 0x000001b0c70d18a0 flushing  nmethod 0x000001b0caba4790
Event: 59.225 Thread 0x000001b0c70d18a0 flushing  nmethod 0x000001b0cabaa110
Event: 59.225 Thread 0x000001b0c70d18a0 flushing  nmethod 0x000001b0cabbd210
Event: 59.225 Thread 0x000001b0c70d18a0 flushing  nmethod 0x000001b0cabc4a10
Event: 59.225 Thread 0x000001b0c70d18a0 flushing  nmethod 0x000001b0cabc7710
Event: 59.225 Thread 0x000001b0c70d18a0 flushing  nmethod 0x000001b0cabccb10
Event: 59.225 Thread 0x000001b0c70d18a0 flushing  nmethod 0x000001b0cabce390
Event: 59.225 Thread 0x000001b0c70d18a0 flushing  nmethod 0x000001b0cabce990
Event: 59.225 Thread 0x000001b0c70d18a0 flushing  nmethod 0x000001b0cabd2b10
Event: 59.225 Thread 0x000001b0c70d18a0 flushing  nmethod 0x000001b0cabd2e90
Event: 59.225 Thread 0x000001b0c70d18a0 flushing  nmethod 0x000001b0cabd6090
Event: 59.225 Thread 0x000001b0c70d18a0 flushing  nmethod 0x000001b0cac0c410
Event: 59.225 Thread 0x000001b0c70d18a0 flushing  nmethod 0x000001b0cac14710
Event: 59.225 Thread 0x000001b0c70d18a0 flushing  nmethod 0x000001b0cac1ba10

Events (20 events):
Event: 3674.277 Thread 0x000001b0e35d4800 Thread added: 0x000001b0e35d0660
Event: 3674.941 Thread 0x000001b0dda88e90 Thread added: 0x000001b0e5f16ba0
Event: 3675.208 Thread 0x000001b0e5f16ba0 Thread exited: 0x000001b0e5f16ba0
Event: 3675.380 Thread 0x000001b0dda88e90 Thread added: 0x000001b0e5f16ba0
Event: 3677.749 Thread 0x000001b0e5f16ba0 Thread exited: 0x000001b0e5f16ba0
Event: 3678.956 Thread 0x000001b0dda88e90 Thread added: 0x000001b0e5f18010
Event: 3682.861 Thread 0x000001b0e5f18010 Thread exited: 0x000001b0e5f18010
Event: 3744.747 Thread 0x000001b0e35d4800 Thread exited: 0x000001b0e35d4800
Event: 3804.755 Thread 0x000001b0e35d68d0 Thread exited: 0x000001b0e35d68d0
Event: 3864.759 Thread 0x000001b0e35d0660 Thread exited: 0x000001b0e35d0660
Event: 3965.770 Thread 0x000001b0e35d6240 Thread added: 0x000001b0e35d4800
Event: 4025.786 Thread 0x000001b0e35d4800 Thread exited: 0x000001b0e35d4800
Event: 7384.997 Thread 0x000001b0e35d6240 Thread added: 0x000001b0e35d68d0
Event: 7385.030 Thread 0x000001b0e35d6240 Thread added: 0x000001b0e35d20a0
Event: 7446.394 Thread 0x000001b0e35d20a0 Thread exited: 0x000001b0e35d20a0
Event: 7506.398 Thread 0x000001b0e35d68d0 Thread exited: 0x000001b0e35d68d0
Event: 8286.765 Thread 0x000001b0e35d6240 Thread added: 0x000001b0e35d0660
Event: 8346.778 Thread 0x000001b0e35d0660 Thread exited: 0x000001b0e35d0660
Event: 9845.779 Thread 0x000001b0e35d6240 Thread added: 0x000001b0e35d68d0
Event: 9905.796 Thread 0x000001b0e35d68d0 Thread exited: 0x000001b0e35d68d0


Dynamic libraries:
0x00007ff68a770000 - 0x00007ff68a77e000 	c:\Users\Gurvindar\.vscode\extensions\redhat.java-1.44.0-win32-x64\jre\21.0.8-win32-x86_64\bin\java.exe
0x00007ff9aa990000 - 0x00007ff9aab88000 	C:\WINDOWS\SYSTEM32\ntdll.dll
0x00007ff9a89b0000 - 0x00007ff9a8a72000 	C:\WINDOWS\System32\KERNEL32.DLL
0x00007ff9a83a0000 - 0x00007ff9a8697000 	C:\WINDOWS\System32\KERNELBASE.dll
0x00007ff9a4e70000 - 0x00007ff9a4f04000 	C:\WINDOWS\SYSTEM32\apphelp.dll
0x00007ff9a88b0000 - 0x00007ff9a89b0000 	C:\WINDOWS\System32\ucrtbase.dll
0x00007ff9a4670000 - 0x00007ff9a4688000 	c:\Users\Gurvindar\.vscode\extensions\redhat.java-1.44.0-win32-x64\jre\21.0.8-win32-x86_64\bin\jli.dll
0x00007ff9a9720000 - 0x00007ff9a98bd000 	C:\WINDOWS\System32\USER32.dll
0x00007ff9a8880000 - 0x00007ff9a88a2000 	C:\WINDOWS\System32\win32u.dll
0x00007ff9a96f0000 - 0x00007ff9a971b000 	C:\WINDOWS\System32\GDI32.dll
0x00007ff9a86a0000 - 0x00007ff9a87b9000 	C:\WINDOWS\System32\gdi32full.dll
0x00007ff9a82b0000 - 0x00007ff9a834d000 	C:\WINDOWS\System32\msvcp_win.dll
0x00007ff997870000 - 0x00007ff99788e000 	c:\Users\Gurvindar\.vscode\extensions\redhat.java-1.44.0-win32-x64\jre\21.0.8-win32-x86_64\bin\VCRUNTIME140.dll
0x00007ff9962c0000 - 0x00007ff99655a000 	C:\WINDOWS\WinSxS\amd64_microsoft.windows.common-controls_6595b64144ccf1df_6.0.19041.5915_none_60b4b9d171f9c7c7\COMCTL32.dll
0x00007ff9a99f0000 - 0x00007ff9a9a8e000 	C:\WINDOWS\System32\msvcrt.dll
0x00007ff9a8b80000 - 0x00007ff9a8baf000 	C:\WINDOWS\System32\IMM32.DLL
0x00007ff9a5230000 - 0x00007ff9a523c000 	c:\Users\Gurvindar\.vscode\extensions\redhat.java-1.44.0-win32-x64\jre\21.0.8-win32-x86_64\bin\vcruntime140_1.dll
0x00007ff97ef50000 - 0x00007ff97efdd000 	c:\Users\Gurvindar\.vscode\extensions\redhat.java-1.44.0-win32-x64\jre\21.0.8-win32-x86_64\bin\msvcp140.dll
0x00007ff96df40000 - 0x00007ff96ecd7000 	c:\Users\Gurvindar\.vscode\extensions\redhat.java-1.44.0-win32-x64\jre\21.0.8-win32-x86_64\bin\server\jvm.dll
0x00007ff9a9340000 - 0x00007ff9a93f1000 	C:\WINDOWS\System32\ADVAPI32.dll
0x00007ff9a8ae0000 - 0x00007ff9a8b7f000 	C:\WINDOWS\System32\sechost.dll
0x00007ff9aa530000 - 0x00007ff9aa656000 	C:\WINDOWS\System32\RPCRT4.dll
0x00007ff9a8850000 - 0x00007ff9a8877000 	C:\WINDOWS\System32\bcrypt.dll
0x00007ff9aa7d0000 - 0x00007ff9aa83b000 	C:\WINDOWS\System32\WS2_32.dll
0x00007ff9a7e80000 - 0x00007ff9a7ecb000 	C:\WINDOWS\SYSTEM32\POWRPROF.dll
0x00007ff99d4e0000 - 0x00007ff99d507000 	C:\WINDOWS\SYSTEM32\WINMM.dll
0x00007ff99ff20000 - 0x00007ff99ff2a000 	C:\WINDOWS\SYSTEM32\VERSION.dll
0x00007ff9a7e60000 - 0x00007ff9a7e72000 	C:\WINDOWS\SYSTEM32\UMPDC.dll
0x00007ff9a5ec0000 - 0x00007ff9a5ed2000 	C:\WINDOWS\SYSTEM32\kernel.appcore.dll
0x00007ff9a4750000 - 0x00007ff9a475a000 	c:\Users\Gurvindar\.vscode\extensions\redhat.java-1.44.0-win32-x64\jre\21.0.8-win32-x86_64\bin\jimage.dll
0x00007ff9a0a60000 - 0x00007ff9a0c61000 	C:\WINDOWS\SYSTEM32\DBGHELP.DLL
0x00007ff994a00000 - 0x00007ff994a34000 	C:\WINDOWS\SYSTEM32\dbgcore.DLL
0x00007ff9a87c0000 - 0x00007ff9a8842000 	C:\WINDOWS\System32\bcryptPrimitives.dll
0x00007ff9a2ae0000 - 0x00007ff9a2aef000 	c:\Users\Gurvindar\.vscode\extensions\redhat.java-1.44.0-win32-x64\jre\21.0.8-win32-x86_64\bin\instrument.dll
0x00007ff997000000 - 0x00007ff99701f000 	c:\Users\Gurvindar\.vscode\extensions\redhat.java-1.44.0-win32-x64\jre\21.0.8-win32-x86_64\bin\java.dll
0x00007ff9a8bb0000 - 0x00007ff9a931e000 	C:\WINDOWS\System32\SHELL32.dll
0x00007ff9a60c0000 - 0x00007ff9a6864000 	C:\WINDOWS\SYSTEM32\windows.storage.dll
0x00007ff9a9bc0000 - 0x00007ff9a9f13000 	C:\WINDOWS\System32\combase.dll
0x00007ff9a7980000 - 0x00007ff9a79ab000 	C:\WINDOWS\SYSTEM32\Wldp.dll
0x00007ff9a9af0000 - 0x00007ff9a9bbd000 	C:\WINDOWS\System32\OLEAUT32.dll
0x00007ff9a98e0000 - 0x00007ff9a998d000 	C:\WINDOWS\System32\SHCORE.dll
0x00007ff9a9a90000 - 0x00007ff9a9aeb000 	C:\WINDOWS\System32\shlwapi.dll
0x00007ff9a7f50000 - 0x00007ff9a7f74000 	C:\WINDOWS\SYSTEM32\profapi.dll
0x00007ff996fe0000 - 0x00007ff996ff8000 	c:\Users\Gurvindar\.vscode\extensions\redhat.java-1.44.0-win32-x64\jre\21.0.8-win32-x86_64\bin\zip.dll
0x00007ff9a2110000 - 0x00007ff9a2120000 	C:\Users\Gurvindar\.vscode\extensions\redhat.java-1.44.0-win32-x64\jre\21.0.8-win32-x86_64\bin\net.dll
0x00007ff9a0530000 - 0x00007ff9a063a000 	C:\WINDOWS\SYSTEM32\WINHTTP.dll
0x00007ff9a76e0000 - 0x00007ff9a774a000 	C:\WINDOWS\system32\mswsock.dll
0x00007ff9881b0000 - 0x00007ff9881c6000 	C:\Users\Gurvindar\.vscode\extensions\redhat.java-1.44.0-win32-x64\jre\21.0.8-win32-x86_64\bin\nio.dll
0x00007ff99d910000 - 0x00007ff99d920000 	c:\Users\Gurvindar\.vscode\extensions\redhat.java-1.44.0-win32-x64\jre\21.0.8-win32-x86_64\bin\verify.dll
0x00007ff97f690000 - 0x00007ff97f6d5000 	C:\Users\Gurvindar\AppData\Roaming\Code\User\globalStorage\redhat.java\1.44.0\config_win\org.eclipse.equinox.launcher\org.eclipse.equinox.launcher.win32.win32.x86_64_1.2.1400.v20250730-1736\eclipse_11913.dll
0x00007ff9a9400000 - 0x00007ff9a952b000 	C:\WINDOWS\System32\ole32.dll
0x00007ff9a78d0000 - 0x00007ff9a78e8000 	C:\WINDOWS\SYSTEM32\CRYPTSP.dll
0x00007ff9a7000000 - 0x00007ff9a7038000 	C:\WINDOWS\system32\rsaenh.dll
0x00007ff9a7f10000 - 0x00007ff9a7f3e000 	C:\WINDOWS\SYSTEM32\USERENV.dll
0x00007ff9a78f0000 - 0x00007ff9a78fc000 	C:\WINDOWS\SYSTEM32\CRYPTBASE.dll
0x00007ff9a73c0000 - 0x00007ff9a73fb000 	C:\WINDOWS\SYSTEM32\IPHLPAPI.DLL
0x00007ff9a98d0000 - 0x00007ff9a98d8000 	C:\WINDOWS\System32\NSI.dll
0x00007ff97a090000 - 0x00007ff97a0d9000 	C:\Users\Gurvindar\AppData\Local\Temp\jna--155078722\jna9806144499987480483.dll
0x00007ff9a96e0000 - 0x00007ff9a96e8000 	C:\WINDOWS\System32\PSAPI.DLL
0x00007ff9a21a0000 - 0x00007ff9a21b7000 	C:\WINDOWS\SYSTEM32\dhcpcsvc6.DLL
0x00007ff9a2180000 - 0x00007ff9a219d000 	C:\WINDOWS\SYSTEM32\dhcpcsvc.DLL
0x00007ff996f80000 - 0x00007ff996f8e000 	C:\Users\Gurvindar\.vscode\extensions\redhat.java-1.44.0-win32-x64\jre\21.0.8-win32-x86_64\bin\sunmscapi.dll
0x00007ff9a80d0000 - 0x00007ff9a822d000 	C:\WINDOWS\System32\CRYPT32.dll
0x00007ff9a79f0000 - 0x00007ff9a7a17000 	C:\WINDOWS\SYSTEM32\ncrypt.dll
0x00007ff9a79b0000 - 0x00007ff9a79eb000 	C:\WINDOWS\SYSTEM32\NTASN1.dll

JVMTI agents:
c:\Users\Gurvindar\.vscode\extensions\redhat.java-1.44.0-win32-x64\lombok\lombok-1.18.39-4050.jar path:c:\Users\Gurvindar\.vscode\extensions\redhat.java-1.44.0-win32-x64\jre\21.0.8-win32-x86_64\bin\instrument.dll, loaded, initialized, instrumentlib options:none

dbghelp: loaded successfully - version: 4.0.5 - missing functions: none
symbol engine: initialized successfully - sym options: 0x614 - pdb path: .;c:\Users\Gurvindar\.vscode\extensions\redhat.java-1.44.0-win32-x64\jre\21.0.8-win32-x86_64\bin;C:\WINDOWS\SYSTEM32;C:\WINDOWS\WinSxS\amd64_microsoft.windows.common-controls_6595b64144ccf1df_6.0.19041.5915_none_60b4b9d171f9c7c7;c:\Users\Gurvindar\.vscode\extensions\redhat.java-1.44.0-win32-x64\jre\21.0.8-win32-x86_64\bin\server;C:\Users\Gurvindar\AppData\Roaming\Code\User\globalStorage\redhat.java\1.44.0\config_win\org.eclipse.equinox.launcher\org.eclipse.equinox.launcher.win32.win32.x86_64_1.2.1400.v20250730-1736;C:\Users\Gurvindar\AppData\Local\Temp\jna--155078722

VM Arguments:
jvm_args: --add-modules=ALL-SYSTEM --add-opens=java.base/java.util=ALL-UNNAMED --add-opens=java.base/java.lang=ALL-UNNAMED --add-opens=java.base/sun.nio.fs=ALL-UNNAMED -Declipse.application=org.eclipse.jdt.ls.core.id1 -Dosgi.bundles.defaultStartLevel=4 -Declipse.product=org.eclipse.jdt.ls.core.product -Djava.import.generatesMetadataFilesAtProjectRoot=false -DDetectVMInstallationsJob.disabled=true -Dfile.encoding=utf8 -XX:+UseParallelGC -XX:GCTimeRatio=4 -XX:AdaptiveSizePolicyWeight=90 -Dsun.zip.disableMemoryMapping=true -Xmx2G -Xms100m -Xlog:disable -javaagent:c:\Users\Gurvindar\.vscode\extensions\redhat.java-1.44.0-win32-x64\lombok\lombok-1.18.39-4050.jar -XX:+HeapDumpOnOutOfMemoryError -XX:HeapDumpPath=c:\Users\Gurvindar\AppData\Roaming\Code\User\workspaceStorage\a8947560e3c2f3bcb3d99650a96ed420\redhat.java -Daether.dependencyCollector.impl=bf 
java_command: c:\Users\Gurvindar\.vscode\extensions\redhat.java-1.44.0-win32-x64\server\plugins\org.eclipse.equinox.launcher_1.7.0.v20250519-0528.jar -configuration c:\Users\Gurvindar\AppData\Roaming\Code\User\globalStorage\redhat.java\1.44.0\config_win -data c:\Users\Gurvindar\AppData\Roaming\Code\User\workspaceStorage\a8947560e3c2f3bcb3d99650a96ed420\redhat.java\jdt_ws --pipe=\\.\pipe\lsp-2d13460cb132025be0a5be0ee97fb561-sock
java_class_path (initial): c:\Users\Gurvindar\.vscode\extensions\redhat.java-1.44.0-win32-x64\server\plugins\org.eclipse.equinox.launcher_1.7.0.v20250519-0528.jar
Launcher Type: SUN_STANDARD

[Global flags]
    uintx AdaptiveSizePolicyWeight                 = 90                                        {product} {command line}
     intx CICompilerCount                          = 3                                         {product} {ergonomic}
    uintx GCTimeRatio                              = 4                                         {product} {command line}
     bool HeapDumpOnOutOfMemoryError               = true                                   {manageable} {command line}
    ccstr HeapDumpPath                             = c:\Users\Gurvindar\AppData\Roaming\Code\User\workspaceStorage\a8947560e3c2f3bcb3d99650a96ed420\redhat.java         {manageable} {command line}
   size_t InitialHeapSize                          = 104857600                                 {product} {command line}
   size_t MaxHeapSize                              = 2147483648                                {product} {command line}
   size_t MaxNewSize                               = 715653120                                 {product} {ergonomic}
   size_t MinHeapDeltaBytes                        = 524288                                    {product} {ergonomic}
   size_t MinHeapSize                              = 104857600                                 {product} {command line}
   size_t NewSize                                  = 34603008                                  {product} {ergonomic}
    uintx NonNMethodCodeHeapSize                   = 5832780                                {pd product} {ergonomic}
    uintx NonProfiledCodeHeapSize                  = 122912730                              {pd product} {ergonomic}
   size_t OldSize                                  = 70254592                                  {product} {ergonomic}
    uintx ProfiledCodeHeapSize                     = 122912730                              {pd product} {ergonomic}
    uintx ReservedCodeCacheSize                    = 251658240                              {pd product} {ergonomic}
     bool SegmentedCodeCache                       = true                                      {product} {ergonomic}
   size_t SoftMaxHeapSize                          = 2147483648                             {manageable} {ergonomic}
     bool UseCompressedOops                        = true                           {product lp64_product} {ergonomic}
     bool UseLargePagesIndividualAllocation        = false                                  {pd product} {ergonomic}
     bool UseParallelGC                            = true                                      {product} {command line}

Logging:
Log output configuration:
 #0: stdout all=off uptime,level,tags foldmultilines=false
 #1: stderr all=off uptime,level,tags foldmultilines=false

Environment Variables:
PATH=C:\Program Files (x86)\VMware\VMware Workstation\bin\;C:\Program Files\Common Files\Oracle\Java\javapath;C:\WINDOWS\system32;C:\WINDOWS;C:\WINDOWS\System32\Wbem;C:\WINDOWS\System32\WindowsPowerShell\v1.0\;C:\WINDOWS\System32\OpenSSH\;C:\Program Files\Git\cmd;C:\Program Files\nodejs\;C:\Program Files\MongoDB\Server\8.0\bin;C:\Program Files\MongoDB\Server\8.0\bin;c:\Users\Gurvindar\AppData\Local\Programs\cursor\resources\app\bin;C:\Program Files\dotnet\;C:\Users\Gurvindar\Downloads\mongosh-2.5.3-win32-x64\mongosh-2.5.3-win32-x64\bin;C:\Program Files\MySQL\MySQL Shell 8.0\bin\;c:\Users\Gurvindar\AppData\Local\Programs\Trae\bin;C:\Users\Gurvindar\AppData\Local\Programs\Python\Python312\Scripts\;C:\Users\Gurvindar\AppData\Local\Programs\Python\Python312\;C:\Users\Gurvindar\AppData\Local\Microsoft\WindowsApps;C:\Users\Gurvindar\AppData\Local\Programs\Microsoft VS Code\bin;C:\Users\Gurvindar\OneDrive\Documents\IntelliJ IDEA 2025.1.3\bin;;C:\Users\Gurvindar\AppData\Roaming\npm;C:\Users\Gurvindar\AppData\Local\Programs\mongosh\;C:\Users\Gurvindar\AppData\Local\GitHubDesktop\bin;C:\Users\Gurvindar\AppData\Local\Programs\cursor\resources\app\bin;C:\Users\Gurvindar\AppData\Local\Muse Hub\lib
USERNAME=Gurvindar
OS=Windows_NT
PROCESSOR_IDENTIFIER=AMD64 Family 23 Model 17 Stepping 0, AuthenticAMD
TMP=C:\Users\GURVIN~1\AppData\Local\Temp
TEMP=C:\Users\GURVIN~1\AppData\Local\Temp




Periodic native trim disabled

---------------  S Y S T E M  ---------------

OS:
 Windows 10 , 64 bit Build 19041 (10.0.19041.5915)
OS uptime: 0 days 3:42 hours

CPU: total 4 (initial active 4) (4 cores per cpu, 1 threads per core) family 23 model 17 stepping 0 microcode 0x0, cx8, cmov, fxsr, mmx, 3dnowpref, sse, sse2, sse3, ssse3, sse4a, sse4.1, sse4.2, popcnt, lzcnt, tsc, tscinvbit, avx, avx2, aes, clmul, bmi1, bmi2, adx, sha, fma, vzeroupper, clflush, clflushopt, rdtscp, f16c
Processor Information for the first 4 processors :
  Max Mhz: 3500, Current Mhz: 3500, Mhz Limit: 3500

Memory: 4k page, system-wide physical 6092M (192M free)
TotalPageFile size 24524M (AvailPageFile size 24M)
current process WorkingSet (physical memory assigned to process): 7M, peak: 451M
current process commit charge ("private bytes"): 762M, peak: 784M

vm_info: OpenJDK 64-Bit Server VM (21.0.8+9-LTS) for windows-amd64 JRE (21.0.8+9-LTS), built on 2025-07-15T00:00:00Z by "admin" with MS VC++ 17.7 (VS2022)

END.
